[0915/182425.590:ERROR:process_memory_win.cc(73)] ReadMemory at 0x7ff78a360000 of 64 bytes failed: Only part of a ReadProcessMemory or WriteProcessMemory request was completed. (0x12B)
[0915/182425.594:WARNING:pe_image_reader.cc(340)] could not read dos header from C:\Program Files (x86)\Google\Chrome\Application\chrome.exe
[0915/182425.594:ERROR:process_memory_win.cc(73)] ReadMemory at 0x203d2f8bf20 of 72 bytes failed: Only part of a ReadProcessMemory or WriteProcessMemory request was completed. (0x12B)
[0915/182425.594:WARNING:pe_image_annotations_reader.cc(135)] could not read annotations list object in C:\Program Files (x86)\Google\Chrome\Application\85.0.4183.102\chrome_elf.dll
[0915/182425.594:ERROR:process_memory_win.cc(73)] ReadMemory at 0x7ffbb7ed0000 of 64 bytes failed: Only part of a ReadProcessMemory or WriteProcessMemory request was completed. (0x12B)
[0915/182425.594:WARNING:pe_image_reader.cc(340)] could not read dos header from C:\Program Files (x86)\Google\Chrome\Application\85.0.4183.102\chrome.dll
[0915/182425.602:ERROR:process_memory_win.cc(73)] ReadMemory at 0x7ff78a360000 of 64 bytes failed: Only part of a ReadProcessMemory or WriteProcessMemory request was completed. (0x12B)
[0915/182425.602:WARNING:pe_image_reader.cc(340)] could not read dos header from C:\Program Files (x86)\Google\Chrome\Application\chrome.exe
[0915/182425.602:ERROR:process_memory_win.cc(73)] ReadMemory at 0x203d2f8bf20 of 72 bytes failed: Only part of a ReadProcessMemory or WriteProcessMemory request was completed. (0x12B)
[0915/182425.602:WARNING:pe_image_annotations_reader.cc(135)] could not read annotations list object in C:\Program Files (x86)\Google\Chrome\Application\85.0.4183.102\chrome_elf.dll
[0915/182425.606:ERROR:process_memory_win.cc(73)] ReadMemory at 0x7ffbb7ed0000 of 64 bytes failed: Only part of a ReadProcessMemory or WriteProcessMemory request was completed. (0x12B)
[0915/182425.606:WARNING:pe_image_reader.cc(340)] could not read dos header from C:\Program Files (x86)\Google\Chrome\Application\85.0.4183.102\chrome.dll
[0915/182425.606:ERROR:process_memory_win.cc(73)] ReadMemory at 0x7ff78a360000 of 64 bytes failed: Only part of a ReadProcessMemory or WriteProcessMemory request was completed. (0x12B)
[0915/182425.606:WARNING:pe_image_reader.cc(340)] could not read dos header from C:\Program Files (x86)\Google\Chrome\Application\chrome.exe
[0915/182425.606:ERROR:process_memory_win.cc(73)] ReadMemory at 0x203d2f8bf20 of 72 bytes failed: Only part of a ReadProcessMemory or WriteProcessMemory request was completed. (0x12B)
[0915/182425.606:WARNING:pe_image_annotations_reader.cc(135)] could not read annotations list object in C:\Program Files (x86)\Google\Chrome\Application\85.0.4183.102\chrome_elf.dll
[0915/182425.606:ERROR:process_memory_win.cc(73)] ReadMemory at 0x7ffbb7ed0000 of 64 bytes failed: Only part of a ReadProcessMemory or WriteProcessMemory request was completed. (0x12B)
[0915/182425.606:WARNING:pe_image_reader.cc(340)] could not read dos header from C:\Program Files (x86)\Google\Chrome\Application\85.0.4183.102\chrome.dll
[0915/182425.630:ERROR:process_memory_win.cc(73)] ReadMemory at 0x8ec6be3000 of 118784 bytes failed: Only part of a ReadProcessMemory or WriteProcessMemory request was completed. (0x12B)
[0915/182425.630:ERROR:process_memory_win.cc(73)] ReadMemory at 0x8ec73fd000 of 12288 bytes failed: Only part of a ReadProcessMemory or WriteProcessMemory request was completed. (0x12B)
[0915/182425.630:ERROR:process_memory_win.cc(73)] ReadMemory at 0x8ec7bfd000 of 12288 bytes failed: Only part of a ReadProcessMemory or WriteProcessMemory request was completed. (0x12B)
[0915/182425.630:ERROR:process_memory_win.cc(73)] ReadMemory at 0x8ec83fc000 of 16384 bytes failed: Only part of a ReadProcessMemory or WriteProcessMemory request was completed. (0x12B)
[0915/182425.630:ERROR:process_memory_win.cc(73)] ReadMemory at 0x8ec8bfc000 of 16384 bytes failed: Only part of a ReadProcessMemory or WriteProcessMemory request was completed. (0x12B)
[0915/182425.630:ERROR:process_memory_win.cc(73)] ReadMemory at 0x8ec93fe000 of 8192 bytes failed: Only part of a ReadProcessMemory or WriteProcessMemory request was completed. (0x12B)
[0915/182425.630:ERROR:process_memory_win.cc(73)] ReadMemory at 0x8ec9bfd000 of 12288 bytes failed: Only part of a ReadProcessMemory or WriteProcessMemory request was completed. (0x12B)
[0915/182425.630:ERROR:process_memory_win.cc(73)] ReadMemory at 0x8eca3fc000 of 16384 bytes failed: Only part of a ReadProcessMemory or WriteProcessMemory request was completed. (0x12B)
[0915/182425.630:ERROR:process_memory_win.cc(73)] ReadMemory at 0x8ecabfd000 of 12288 bytes failed: Only part of a ReadProcessMemory or WriteProcessMemory request was completed. (0x12B)
[0915/182425.630:ERROR:process_memory_win.cc(73)] ReadMemory at 0x8ecb3fd000 of 12288 bytes failed: Only part of a ReadProcessMemory or WriteProcessMemory request was completed. (0x12B)
[0915/182425.630:ERROR:process_memory_win.cc(73)] ReadMemory at 0x8ecbbf6000 of 40960 bytes failed: Only part of a ReadProcessMemory or WriteProcessMemory request was completed. (0x12B)
[0915/182425.630:ERROR:process_memory_win.cc(73)] ReadMemory at 0x8ecc3f6000 of 40960 bytes failed: Only part of a ReadProcessMemory or WriteProcessMemory request was completed. (0x12B)
[0915/182425.630:ERROR:process_memory_win.cc(73)] ReadMemory at 0x8eccbfd000 of 12288 bytes failed: Only part of a ReadProcessMemory or WriteProcessMemory request was completed. (0x12B)
[0915/182425.634:ERROR:process_memory_win.cc(73)] ReadMemory at 0x8ecd3fd000 of 12288 bytes failed: Only part of a ReadProcessMemory or WriteProcessMemory request was completed. (0x12B)
[0915/182425.634:ERROR:process_memory_win.cc(73)] ReadMemory at 0x8ecdbfd000 of 12288 bytes failed: Only part of a ReadProcessMemory or WriteProcessMemory request was completed. (0x12B)
[0915/182425.634:ERROR:process_memory_win.cc(73)] ReadMemory at 0x8ec6252000 of 852 bytes failed: Only part of a ReadProcessMemory or WriteProcessMemory request was completed. (0x12B)
[0915/182425.634:ERROR:process_memory_win.cc(73)] ReadMemory at 0x8ec6253000 of 6024 bytes failed: Only part of a ReadProcessMemory or WriteProcessMemory request was completed. (0x12B)
[0915/182425.634:ERROR:process_memory_win.cc(73)] ReadMemory at 0x8ec6255000 of 6024 bytes failed: Only part of a ReadProcessMemory or WriteProcessMemory request was completed. (0x12B)
[0915/182425.634:ERROR:process_memory_win.cc(73)] ReadMemory at 0x8ec6257000 of 6024 bytes failed: Only part of a ReadProcessMemory or WriteProcessMemory request was completed. (0x12B)
[0915/182425.634:ERROR:process_memory_win.cc(73)] ReadMemory at 0x8ec6259000 of 6024 bytes failed: Only part of a ReadProcessMemory or WriteProcessMemory request was completed. (0x12B)
[0915/182425.634:ERROR:process_memory_win.cc(73)] ReadMemory at 0x8ec625b000 of 6024 bytes failed: Only part of a ReadProcessMemory or WriteProcessMemory request was completed. (0x12B)
[0915/182425.634:ERROR:process_memory_win.cc(73)] ReadMemory at 0x8ec625d000 of 6024 bytes failed: Only part of a ReadProcessMemory or WriteProcessMemory request was completed. (0x12B)
[0915/182425.634:ERROR:process_memory_win.cc(73)] ReadMemory at 0x8ec625f000 of 6024 bytes failed: Only part of a ReadProcessMemory or WriteProcessMemory request was completed. (0x12B)
[0915/182425.634:ERROR:process_memory_win.cc(73)] ReadMemory at 0x8ec6261000 of 6024 bytes failed: Only part of a ReadProcessMemory or WriteProcessMemory request was completed. (0x12B)
[0915/182425.634:ERROR:process_memory_win.cc(73)] ReadMemory at 0x8ec6263000 of 6024 bytes failed: Only part of a ReadProcessMemory or WriteProcessMemory request was completed. (0x12B)
[0915/182425.638:ERROR:process_memory_win.cc(73)] ReadMemory at 0x8ec6265000 of 6024 bytes failed: Only part of a ReadProcessMemory or WriteProcessMemory request was completed. (0x12B)
[0915/182425.638:ERROR:process_memory_win.cc(73)] ReadMemory at 0x8ec6267000 of 6024 bytes failed: Only part of a ReadProcessMemory or WriteProcessMemory request was completed. (0x12B)
[0915/182425.638:ERROR:process_memory_win.cc(73)] ReadMemory at 0x8ec6269000 of 6024 bytes failed: Only part of a ReadProcessMemory or WriteProcessMemory request was completed. (0x12B)
[0915/182425.638:ERROR:process_memory_win.cc(73)] ReadMemory at 0x8ec626b000 of 6024 bytes failed: Only part of a ReadProcessMemory or WriteProcessMemory request was completed. (0x12B)
[0915/182425.638:ERROR:process_memory_win.cc(73)] ReadMemory at 0x8ec626d000 of 6024 bytes failed: Only part of a ReadProcessMemory or WriteProcessMemory request was completed. (0x12B)
[0915/182425.638:ERROR:process_memory_win.cc(73)] ReadMemory at 0x8ec626f000 of 6024 bytes failed: Only part of a ReadProcessMemory or WriteProcessMemory request was completed. (0x12B)
[0915/182425.638:ERROR:process_memory_win.cc(73)] ReadMemory at 0x203d2f00f40 of 512 bytes failed: Only part of a ReadProcessMemory or WriteProcessMemory request was completed. (0x12B)
[0915/182425.638:ERROR:process_memory_win.cc(73)] ReadMemory at 0x203d2f01c00 of 512 bytes failed: Only part of a ReadProcessMemory or WriteProcessMemory request was completed. (0x12B)
[0915/182425.638:ERROR:process_memory_win.cc(73)] ReadMemory at 0x203d2f80000 of 384 bytes failed: Only part of a ReadProcessMemory or WriteProcessMemory request was completed. (0x12B)
[0915/182425.638:ERROR:process_memory_win.cc(73)] ReadMemory at 0x203d2f80fe0 of 7626 bytes failed: Only part of a ReadProcessMemory or WriteProcessMemory request was completed. (0x12B)
[0915/182425.638:ERROR:process_memory_win.cc(73)] ReadMemory at 0x203d2f82dc0 of 1012 bytes failed: Only part of a ReadProcessMemory or WriteProcessMemory request was completed. (0x12B)
[0915/182425.638:ERROR:process_memory_win.cc(73)] ReadMemory at 0x203d2f83408 of 118 bytes failed: Only part of a ReadProcessMemory or WriteProcessMemory request was completed. (0x12B)
[0915/182425.638:ERROR:process_memory_win.cc(73)] ReadMemory at 0x203d2f83480 of 1042 bytes failed: Only part of a ReadProcessMemory or WriteProcessMemory request was completed. (0x12B)
[0915/182425.638:ERROR:process_memory_win.cc(73)] ReadMemory at 0x203d2f83894 of 118 bytes failed: Only part of a ReadProcessMemory or WriteProcessMemory request was completed. (0x12B)
[0915/182425.638:ERROR:process_memory_win.cc(73)] ReadMemory at 0x203d2f8390c of 100 bytes failed: Only part of a ReadProcessMemory or WriteProcessMemory request was completed. (0x12B)
[0915/182425.638:ERROR:process_memory_win.cc(73)] ReadMemory at 0x203d2f83980 of 58 bytes failed: Only part of a ReadProcessMemory or WriteProcessMemory request was completed. (0x12B)
[0915/182425.638:ERROR:process_memory_win.cc(73)] ReadMemory at 0x203d2f83a80 of 132 bytes failed: Only part of a ReadProcessMemory or WriteProcessMemory request was completed. (0x12B)
[0915/182425.638:ERROR:process_memory_win.cc(73)] ReadMemory at 0x203d2f83c10 of 132 bytes failed: Only part of a ReadProcessMemory or WriteProcessMemory request was completed. (0x12B)
[0915/182425.638:ERROR:process_memory_win.cc(73)] ReadMemory at 0x203d2f83dd0 of 126 bytes failed: Only part of a ReadProcessMemory or WriteProcessMemory request was completed. (0x12B)
[0915/182425.638:ERROR:process_memory_win.cc(73)] ReadMemory at 0x203d2f841b0 of 132 bytes failed: Only part of a ReadProcessMemory or WriteProcessMemory request was completed. (0x12B)
[0915/182425.638:ERROR:process_memory_win.cc(73)] ReadMemory at 0x203d2f84340 of 64 bytes failed: Only part of a ReadProcessMemory or WriteProcessMemory request was completed. (0x12B)
[0915/182425.642:ERROR:process_memory_win.cc(73)] ReadMemory at 0x203d2f84500 of 132 bytes failed: Only part of a ReadProcessMemory or WriteProcessMemory request was completed. (0x12B)
[0915/182425.642:ERROR:process_memory_win.cc(73)] ReadMemory at 0x203d2f847a0 of 132 bytes failed: Only part of a ReadProcessMemory or WriteProcessMemory request was completed. (0x12B)
[0915/182425.642:ERROR:process_memory_win.cc(73)] ReadMemory at 0x203d2f84930 of 68 bytes failed: Only part of a ReadProcessMemory or WriteProcessMemory request was completed. (0x12B)
[0915/182425.642:ERROR:process_memory_win.cc(73)] ReadMemory at 0x203d2f85a90 of 132 bytes failed: Only part of a ReadProcessMemory or WriteProcessMemory request was completed. (0x12B)
[0915/182425.642:ERROR:process_memory_win.cc(73)] ReadMemory at 0x203d2f85c20 of 154 bytes failed: Only part of a ReadProcessMemory or WriteProcessMemory request was completed. (0x12B)
[0915/182425.642:ERROR:process_memory_win.cc(73)] ReadMemory at 0x203d2f86a20 of 62 bytes failed: Only part of a ReadProcessMemory or WriteProcessMemory request was completed. (0x12B)
[0915/182425.642:ERROR:process_memory_win.cc(73)] ReadMemory at 0x203d2f86b80 of 132 bytes failed: Only part of a ReadProcessMemory or WriteProcessMemory request was completed. (0x12B)
[0915/182425.642:ERROR:process_memory_win.cc(73)] ReadMemory at 0x203d2f86d10 of 60 bytes failed: Only part of a ReadProcessMemory or WriteProcessMemory request was completed. (0x12B)
[0915/182425.642:ERROR:process_memory_win.cc(73)] ReadMemory at 0x203d2f8bd90 of 60 bytes failed: Only part of a ReadProcessMemory or WriteProcessMemory request was completed. (0x12B)
[0915/182425.642:ERROR:process_memory_win.cc(73)] ReadMemory at 0x203d2f8c1a0 of 62 bytes failed: Only part of a ReadProcessMemory or WriteProcessMemory request was completed. (0x12B)
[0915/182425.642:ERROR:process_memory_win.cc(73)] ReadMemory at 0x203d2f90320 of 54 bytes failed: Only part of a ReadProcessMemory or WriteProcessMemory request was completed. (0x12B)
[0915/182425.642:ERROR:process_memory_win.cc(73)] ReadMemory at 0x203d2f9092c of 512 bytes failed: Only part of a ReadProcessMemory or WriteProcessMemory request was completed. (0x12B)
[0915/182425.642:ERROR:process_memory_win.cc(73)] ReadMemory at 0x203d2f955e0 of 146 bytes failed: Only part of a ReadProcessMemory or WriteProcessMemory request was completed. (0x12B)
[0915/182425.642:ERROR:process_memory_win.cc(73)] ReadMemory at 0x203d2f95e60 of 132 bytes failed: Only part of a ReadProcessMemory or WriteProcessMemory request was completed. (0x12B)
[0915/182425.642:ERROR:process_memory_win.cc(73)] ReadMemory at 0x203d2f962b0 of 132 bytes failed: Only part of a ReadProcessMemory or WriteProcessMemory request was completed. (0x12B)
[0915/182425.642:ERROR:process_memory_win.cc(73)] ReadMemory at 0x203d2f963e0 of 132 bytes failed: Only part of a ReadProcessMemory or WriteProcessMemory request was completed. (0x12B)
[0915/182425.642:ERROR:process_memory_win.cc(73)] ReadMemory at 0x203d2f96510 of 132 bytes failed: Only part of a ReadProcessMemory or WriteProcessMemory request was completed. (0x12B)
[0915/182425.642:ERROR:process_memory_win.cc(73)] ReadMemory at 0x203d2f96640 of 132 bytes failed: Only part of a ReadProcessMemory or WriteProcessMemory request was completed. (0x12B)
[0915/182425.646:ERROR:process_memory_win.cc(73)] ReadMemory at 0x203d2f979b0 of 80 bytes failed: Only part of a ReadProcessMemory or WriteProcessMemory request was completed. (0x12B)
[0915/182425.646:ERROR:process_memory_win.cc(73)] ReadMemory at 0x203d2f97fd0 of 132 bytes failed: Only part of a ReadProcessMemory or WriteProcessMemory request was completed. (0x12B)
[0915/182425.646:ERROR:process_memory_win.cc(73)] ReadMemory at 0x203d2f99530 of 76 bytes failed: Only part of a ReadProcessMemory or WriteProcessMemory request was completed. (0x12B)
[0915/182425.646:ERROR:process_memory_win.cc(73)] ReadMemory at 0x203d2f996b0 of 80 bytes failed: Only part of a ReadProcessMemory or WriteProcessMemory request was completed. (0x12B)
[0915/182425.646:ERROR:process_memory_win.cc(73)] ReadMemory at 0x203d2f99c00 of 62 bytes failed: Only part of a ReadProcessMemory or WriteProcessMemory request was completed. (0x12B)
[0915/182425.646:ERROR:process_memory_win.cc(73)] ReadMemory at 0x203d2f99c50 of 62 bytes failed: Only part of a ReadProcessMemory or WriteProcessMemory request was completed. (0x12B)
[0915/182425.646:ERROR:process_memory_win.cc(73)] ReadMemory at 0x203d2f99cf0 of 58 bytes failed: Only part of a ReadProcessMemory or WriteProcessMemory request was completed. (0x12B)
[0915/182425.646:ERROR:process_memory_win.cc(73)] ReadMemory at 0x203d2f99d40 of 60 bytes failed: Only part of a ReadProcessMemory or WriteProcessMemory request was completed. (0x12B)
[0915/182425.646:ERROR:process_memory_win.cc(73)] ReadMemory at 0x203d2f99ed0 of 60 bytes failed: Only part of a ReadProcessMemory or WriteProcessMemory request was completed. (0x12B)
[0915/182425.646:ERROR:process_memory_win.cc(73)] ReadMemory at 0x203d2f99fc0 of 62 bytes failed: Only part of a ReadProcessMemory or WriteProcessMemory request was completed. (0x12B)
[0915/182425.646:ERROR:process_memory_win.cc(73)] ReadMemory at 0x203d2f9a010 of 64 bytes failed: Only part of a ReadProcessMemory or WriteProcessMemory request was completed. (0x12B)
[0915/182425.646:ERROR:process_memory_win.cc(73)] ReadMemory at 0x203d2f9a060 of 64 bytes failed: Only part of a ReadProcessMemory or WriteProcessMemory request was completed. (0x12B)
[0915/182425.646:ERROR:process_memory_win.cc(73)] ReadMemory at 0x203d2f9a100 of 64 bytes failed: Only part of a ReadProcessMemory or WriteProcessMemory request was completed. (0x12B)
[0915/182425.646:ERROR:process_memory_win.cc(73)] ReadMemory at 0x203d2f9a1a0 of 62 bytes failed: Only part of a ReadProcessMemory or WriteProcessMemory request was completed. (0x12B)
[0915/182425.646:ERROR:process_memory_win.cc(73)] ReadMemory at 0x203d2f9a2e0 of 64 bytes failed: Only part of a ReadProcessMemory or WriteProcessMemory request was completed. (0x12B)
[0915/182425.646:ERROR:process_memory_win.cc(73)] ReadMemory at 0x203d2f9a3d0 of 64 bytes failed: Only part of a ReadProcessMemory or WriteProcessMemory request was completed. (0x12B)
[0915/182425.646:ERROR:process_memory_win.cc(73)] ReadMemory at 0x203d2f9a420 of 64 bytes failed: Only part of a ReadProcessMemory or WriteProcessMemory request was completed. (0x12B)
[0915/182425.646:ERROR:process_memory_win.cc(73)] ReadMemory at 0x203d2f9a470 of 62 bytes failed: Only part of a ReadProcessMemory or WriteProcessMemory request was completed. (0x12B)
[0915/182425.646:ERROR:process_memory_win.cc(73)] ReadMemory at 0x203d2f9a4c0 of 60 bytes failed: Only part of a ReadProcessMemory or WriteProcessMemory request was completed. (0x12B)
[0915/182425.646:ERROR:process_memory_win.cc(73)] ReadMemory at 0x203d2f9a560 of 62 bytes failed: Only part of a ReadProcessMemory or WriteProcessMemory request was completed. (0x12B)
[0915/182425.646:ERROR:process_memory_win.cc(73)] ReadMemory at 0x203d2f9a5b0 of 62 bytes failed: Only part of a ReadProcessMemory or WriteProcessMemory request was completed. (0x12B)
[0915/182425.646:ERROR:process_memory_win.cc(73)] ReadMemory at 0x203d2f9a740 of 66 bytes failed: Only part of a ReadProcessMemory or WriteProcessMemory request was completed. (0x12B)
[0915/182425.646:ERROR:process_memory_win.cc(73)] ReadMemory at 0x203d2f9a790 of 62 bytes failed: Only part of a ReadProcessMemory or WriteProcessMemory request was completed. (0x12B)
[0915/182425.646:ERROR:process_memory_win.cc(73)] ReadMemory at 0x203d2f9a8d0 of 62 bytes failed: Only part of a ReadProcessMemory or WriteProcessMemory request was completed. (0x12B)
[0915/182425.646:ERROR:process_memory_win.cc(73)] ReadMemory at 0x203d2f9a920 of 60 bytes failed: Only part of a ReadProcessMemory or WriteProcessMemory request was completed. (0x12B)
[0915/182425.646:ERROR:process_memory_win.cc(73)] ReadMemory at 0x203d2f9a9c0 of 66 bytes failed: Only part of a ReadProcessMemory or WriteProcessMemory request was completed. (0x12B)
[0915/182425.646:ERROR:process_memory_win.cc(73)] ReadMemory at 0x203d2f9aab0 of 64 bytes failed: Only part of a ReadProcessMemory or WriteProcessMemory request was completed. (0x12B)
[0915/182425.650:ERROR:process_memory_win.cc(73)] ReadMemory at 0x203d2f9ab00 of 64 bytes failed: Only part of a ReadProcessMemory or WriteProcessMemory request was completed. (0x12B)
[0915/182425.650:ERROR:process_memory_win.cc(73)] ReadMemory at 0x203d2f9ab50 of 60 bytes failed: Only part of a ReadProcessMemory or WriteProcessMemory request was completed. (0x12B)
[0915/182425.650:ERROR:process_memory_win.cc(73)] ReadMemory at 0x203d2f9ac10 of 132 bytes failed: Only part of a ReadProcessMemory or WriteProcessMemory request was completed. (0x12B)
[0915/182425.650:ERROR:process_memory_win.cc(73)] ReadMemory at 0x203d2f9ad40 of 132 bytes failed: Only part of a ReadProcessMemory or WriteProcessMemory request was completed. (0x12B)
[0915/182425.650:ERROR:process_memory_win.cc(73)] ReadMemory at 0x203d2f9ae70 of 132 bytes failed: Only part of a ReadProcessMemory or WriteProcessMemory request was completed. (0x12B)
[0915/182425.650:ERROR:process_memory_win.cc(73)] ReadMemory at 0x203d2f9afa0 of 132 bytes failed: Only part of a ReadProcessMemory or WriteProcessMemory request was completed. (0x12B)
[0915/182425.650:ERROR:process_memory_win.cc(73)] ReadMemory at 0x203d2f9b0d0 of 132 bytes failed: Only part of a ReadProcessMemory or WriteProcessMemory request was completed. (0x12B)
[0915/182425.650:ERROR:process_memory_win.cc(73)] ReadMemory at 0x203d2f9b200 of 132 bytes failed: Only part of a ReadProcessMemory or WriteProcessMemory request was completed. (0x12B)
[0915/182425.650:ERROR:process_memory_win.cc(73)] ReadMemory at 0x203d2f9d290 of 132 bytes failed: Only part of a ReadProcessMemory or WriteProcessMemory request was completed. (0x12B)
[0915/182425.650:ERROR:process_memory_win.cc(73)] ReadMemory at 0x203d2f9f900 of 132 bytes failed: Only part of a ReadProcessMemory or WriteProcessMemory request was completed. (0x12B)
[0915/182425.650:ERROR:process_memory_win.cc(73)] ReadMemory at 0x203d2f9fb20 of 132 bytes failed: Only part of a ReadProcessMemory or WriteProcessMemory request was completed. (0x12B)
[0915/182425.650:ERROR:process_memory_win.cc(73)] ReadMemory at 0x203d2f9fe80 of 132 bytes failed: Only part of a ReadProcessMemory or WriteProcessMemory request was completed. (0x12B)
[0915/182425.650:ERROR:process_memory_win.cc(73)] ReadMemory at 0x203d2fa3100 of 132 bytes failed: Only part of a ReadProcessMemory or WriteProcessMemory request was completed. (0x12B)
[0915/182425.650:ERROR:process_memory_win.cc(73)] ReadMemory at 0x203d2fa3360 of 132 bytes failed: Only part of a ReadProcessMemory or WriteProcessMemory request was completed. (0x12B)
[0915/182425.650:ERROR:process_memory_win.cc(73)] ReadMemory at 0x203d2fa35c0 of 132 bytes failed: Only part of a ReadProcessMemory or WriteProcessMemory request was completed. (0x12B)
[0915/182425.650:ERROR:process_memory_win.cc(73)] ReadMemory at 0x203d2fa36f0 of 132 bytes failed: Only part of a ReadProcessMemory or WriteProcessMemory request was completed. (0x12B)
[0915/182425.650:ERROR:process_memory_win.cc(73)] ReadMemory at 0x203d2fa3820 of 132 bytes failed: Only part of a ReadProcessMemory or WriteProcessMemory request was completed. (0x12B)
[0915/182425.650:ERROR:process_memory_win.cc(73)] ReadMemory at 0x203d2fa3950 of 132 bytes failed: Only part of a ReadProcessMemory or WriteProcessMemory request was completed. (0x12B)
[0915/182425.650:ERROR:process_memory_win.cc(73)] ReadMemory at 0x203d2fa3a80 of 132 bytes failed: Only part of a ReadProcessMemory or WriteProcessMemory request was completed. (0x12B)
[0915/182425.650:ERROR:process_memory_win.cc(73)] ReadMemory at 0x203d2fa3e10 of 132 bytes failed: Only part of a ReadProcessMemory or WriteProcessMemory request was completed. (0x12B)
[0915/182425.650:ERROR:process_memory_win.cc(73)] ReadMemory at 0x203d2fa4070 of 132 bytes failed: Only part of a ReadProcessMemory or WriteProcessMemory request was completed. (0x12B)
[0915/182425.650:ERROR:process_memory_win.cc(73)] ReadMemory at 0x203d2fa4530 of 132 bytes failed: Only part of a ReadProcessMemory or WriteProcessMemory request was completed. (0x12B)
[0915/182425.650:ERROR:process_memory_win.cc(73)] ReadMemory at 0x203d2fa4790 of 132 bytes failed: Only part of a ReadProcessMemory or WriteProcessMemory request was completed. (0x12B)
[0915/182425.650:ERROR:process_memory_win.cc(73)] ReadMemory at 0x203d2fa48c0 of 132 bytes failed: Only part of a ReadProcessMemory or WriteProcessMemory request was completed. (0x12B)
[0915/182425.650:ERROR:process_memory_win.cc(73)] ReadMemory at 0x203d2fa49f0 of 132 bytes failed: Only part of a ReadProcessMemory or WriteProcessMemory request was completed. (0x12B)
[0915/182425.650:ERROR:process_memory_win.cc(73)] ReadMemory at 0x203d2fa4b20 of 132 bytes failed: Only part of a ReadProcessMemory or WriteProcessMemory request was completed. (0x12B)
[0915/182425.650:ERROR:process_memory_win.cc(73)] ReadMemory at 0x203d2fa4c50 of 132 bytes failed: Only part of a ReadProcessMemory or WriteProcessMemory request was completed. (0x12B)
[0915/182425.654:ERROR:process_memory_win.cc(73)] ReadMemory at 0x203d2fa4d80 of 132 bytes failed: Only part of a ReadProcessMemory or WriteProcessMemory request was completed. (0x12B)
[0915/182425.654:ERROR:process_memory_win.cc(73)] ReadMemory at 0x203d2ff6070 of 512 bytes failed: Only part of a ReadProcessMemory or WriteProcessMemory request was completed. (0x12B)
[0915/182425.654:ERROR:process_memory_win.cc(73)] ReadMemory at 0x203d2ff7bf0 of 512 bytes failed: Only part of a ReadProcessMemory or WriteProcessMemory request was completed. (0x12B)
[0915/182425.654:ERROR:process_memory_win.cc(73)] ReadMemory at 0x203d2ff8750 of 512 bytes failed: Only part of a ReadProcessMemory or WriteProcessMemory request was completed. (0x12B)
[0915/182425.654:ERROR:process_memory_win.cc(73)] ReadMemory at 0x203d2ffa5f8 of 512 bytes failed: Only part of a ReadProcessMemory or WriteProcessMemory request was completed. (0x12B)
[0915/182425.654:ERROR:process_memory_win.cc(73)] ReadMemory at 0x203d2ffb7b0 of 512 bytes failed: Only part of a ReadProcessMemory or WriteProcessMemory request was completed. (0x12B)
[0915/182425.654:ERROR:process_memory_win.cc(73)] ReadMemory at 0x203d2ffcee0 of 512 bytes failed: Only part of a ReadProcessMemory or WriteProcessMemory request was completed. (0x12B)
[0915/182425.654:ERROR:process_memory_win.cc(73)] ReadMemory at 0x203d2fffb38 of 512 bytes failed: Only part of a ReadProcessMemory or WriteProcessMemory request was completed. (0x12B)
[0915/182425.654:ERROR:process_memory_win.cc(73)] ReadMemory at 0x203d300d700 of 512 bytes failed: Only part of a ReadProcessMemory or WriteProcessMemory request was completed. (0x12B)
[0915/182425.654:ERROR:process_memory_win.cc(73)] ReadMemory at 0x203d3010e70 of 736 bytes failed: Only part of a ReadProcessMemory or WriteProcessMemory request was completed. (0x12B)
[0915/182425.654:ERROR:process_memory_win.cc(73)] ReadMemory at 0x203d301aa30 of 512 bytes failed: Only part of a ReadProcessMemory or WriteProcessMemory request was completed. (0x12B)
[0915/182425.654:ERROR:process_memory_win.cc(73)] ReadMemory at 0x203d301eff0 of 712 bytes failed: Only part of a ReadProcessMemory or WriteProcessMemory request was completed. (0x12B)
[0915/182425.654:ERROR:process_memory_win.cc(73)] ReadMemory at 0x203d3031a10 of 512 bytes failed: Only part of a ReadProcessMemory or WriteProcessMemory request was completed. (0x12B)
[0915/182425.654:ERROR:process_memory_win.cc(73)] ReadMemory at 0x203d3031d90 of 512 bytes failed: Only part of a ReadProcessMemory or WriteProcessMemory request was completed. (0x12B)
[0915/182425.654:ERROR:process_memory_win.cc(73)] ReadMemory at 0x203d307a0b0 of 512 bytes failed: Only part of a ReadProcessMemory or WriteProcessMemory request was completed. (0x12B)
[0915/182425.654:ERROR:process_memory_win.cc(73)] ReadMemory at 0x203d47a0000 of 384 bytes failed: Only part of a ReadProcessMemory or WriteProcessMemory request was completed. (0x12B)
[0915/182425.654:ERROR:process_memory_win.cc(73)] ReadMemory at 0x203d4835408 of 512 bytes failed: Only part of a ReadProcessMemory or WriteProcessMemory request was completed. (0x12B)
[0915/182425.654:ERROR:process_memory_win.cc(73)] ReadMemory at 0x203d487eab4 of 512 bytes failed: Only part of a ReadProcessMemory or WriteProcessMemory request was completed. (0x12B)
[0915/182425.654:ERROR:process_memory_win.cc(73)] ReadMemory at 0x203d487eec4 of 542 bytes failed: Only part of a ReadProcessMemory or WriteProcessMemory request was completed. (0x12B)
[0915/182425.654:ERROR:process_memory_win.cc(73)] ReadMemory at 0x203d4b0d980 of 512 bytes failed: Only part of a ReadProcessMemory or WriteProcessMemory request was completed. (0x12B)
[0915/182425.654:ERROR:process_memory_win.cc(73)] ReadMemory at 0x203d4bc29f0 of 512 bytes failed: Only part of a ReadProcessMemory or WriteProcessMemory request was completed. (0x12B)
[0915/182425.654:ERROR:process_memory_win.cc(73)] ReadMemory at 0x239a00000000 of 384 bytes failed: Only part of a ReadProcessMemory or WriteProcessMemory request was completed. (0x12B)
[0915/182425.654:ERROR:process_memory_win.cc(73)] ReadMemory at 0x7ffbc0829ef0 of 512 bytes failed: Only part of a ReadProcessMemory or WriteProcessMemory request was completed. (0x12B)
[0915/182425.658:ERROR:scoped_process_suspend.cc(40)] NtResumeProcess: An attempt was made to access an exiting process. (0xc000010a)
[0915/182425.716:ERROR:http_transport_win.cc(276)] WinHttpSendRequest: The operation completed successfully. (0x0)
[1001/145028.526:ERROR:process_memory_win.cc(73)] ReadMemory at 0x1ea0a90c0b0 of 72 bytes failed: Only part of a ReadProcessMemory or WriteProcessMemory request was completed. (0x12B)
[1001/145028.557:WARNING:pe_image_annotations_reader.cc(135)] could not read annotations list object in C:\Program Files (x86)\Google\Chrome\Application\85.0.4183.121\chrome_elf.dll
[1001/145028.558:ERROR:process_memory_win.cc(73)] ReadMemory at 0x7fff07880000 of 64 bytes failed: Only part of a ReadProcessMemory or WriteProcessMemory request was completed. (0x12B)
[1001/145028.558:WARNING:pe_image_reader.cc(340)] could not read dos header from C:\WINDOWS\SYSTEM32\VERSION.dll
[1001/145028.558:ERROR:process_memory_win.cc(73)] ReadMemory at 0x7fff15b90000 of 64 bytes failed: Only part of a ReadProcessMemory or WriteProcessMemory request was completed. (0x12B)
[1001/145028.558:WARNING:pe_image_reader.cc(340)] could not read dos header from C:\WINDOWS\System32\msvcrt.dll
[1001/145028.558:ERROR:process_memory_win.cc(73)] ReadMemory at 0x7fff141b0000 of 64 bytes failed: Only part of a ReadProcessMemory or WriteProcessMemory request was completed. (0x12B)
[1001/145028.558:WARNING:pe_image_reader.cc(340)] could not read dos header from C:\WINDOWS\System32\bcryptPrimitives.dll
[1001/145028.558:ERROR:process_memory_win.cc(73)] ReadMemory at 0x7fff15ef0000 of 64 bytes failed: Only part of a ReadProcessMemory or WriteProcessMemory request was completed. (0x12B)
[1001/145028.558:WARNING:pe_image_reader.cc(340)] could not read dos header from C:\WINDOWS\System32\ADVAPI32.dll
[1001/145028.558:ERROR:process_memory_win.cc(73)] ReadMemory at 0x7fff14df0000 of 64 bytes failed: Only part of a ReadProcessMemory or WriteProcessMemory request was completed. (0x12B)
[1001/145028.558:WARNING:pe_image_reader.cc(340)] could not read dos header from C:\WINDOWS\System32\sechost.dll
[1001/145028.558:ERROR:process_memory_win.cc(73)] ReadMemory at 0x7fff148a0000 of 64 bytes failed: Only part of a ReadProcessMemory or WriteProcessMemory request was completed. (0x12B)
[1001/145028.558:WARNING:pe_image_reader.cc(340)] could not read dos header from C:\WINDOWS\System32\RPCRT4.dll
[1001/145028.558:ERROR:process_memory_win.cc(73)] ReadMemory at 0x7ffeba110000 of 64 bytes failed: Only part of a ReadProcessMemory or WriteProcessMemory request was completed. (0x12B)
[1001/145028.558:WARNING:pe_image_reader.cc(340)] could not read dos header from C:\Program Files (x86)\Google\Chrome\Application\85.0.4183.121\chrome.dll
[1001/145028.559:ERROR:process_memory_win.cc(73)] ReadMemory at 0x7fff149c0000 of 64 bytes failed: Only part of a ReadProcessMemory or WriteProcessMemory request was completed. (0x12B)
[1001/145028.559:WARNING:pe_image_reader.cc(340)] could not read dos header from C:\WINDOWS\System32\WS2_32.dll
[1001/145028.559:ERROR:process_memory_win.cc(73)] ReadMemory at 0x7fff14af0000 of 64 bytes failed: Only part of a ReadProcessMemory or WriteProcessMemory request was completed. (0x12B)
[1001/145028.559:WARNING:pe_image_reader.cc(340)] could not read dos header from C:\WINDOWS\System32\OLEAUT32.dll
[1001/145028.559:ERROR:process_memory_win.cc(73)] ReadMemory at 0x7fff14110000 of 64 bytes failed: Only part of a ReadProcessMemory or WriteProcessMemory request was completed. (0x12B)
[1001/145028.559:WARNING:pe_image_reader.cc(340)] could not read dos header from C:\WINDOWS\System32\msvcp_win.dll
[1001/145028.559:ERROR:process_memory_win.cc(73)] ReadMemory at 0x7fff132e0000 of 64 bytes failed: Only part of a ReadProcessMemory or WriteProcessMemory request was completed. (0x12B)
[1001/145028.559:WARNING:pe_image_reader.cc(340)] could not read dos header from C:\WINDOWS\System32\ucrtbase.dll
[1001/145028.559:ERROR:process_memory_win.cc(73)] ReadMemory at 0x7fff155b0000 of 64 bytes failed: Only part of a ReadProcessMemory or WriteProcessMemory request was completed. (0x12B)
[1001/145028.559:WARNING:pe_image_reader.cc(340)] could not read dos header from C:\WINDOWS\System32\combase.dll
[1001/145028.559:ERROR:process_memory_win.cc(73)] ReadMemory at 0x7fff13f40000 of 64 bytes failed: Only part of a ReadProcessMemory or WriteProcessMemory request was completed. (0x12B)
[1001/145028.560:WARNING:pe_image_reader.cc(340)] could not read dos header from C:\WINDOWS\System32\WINTRUST.dll
[1001/145028.560:ERROR:process_memory_win.cc(73)] ReadMemory at 0x7fff130f0000 of 64 bytes failed: Only part of a ReadProcessMemory or WriteProcessMemory request was completed. (0x12B)
[1001/145028.560:WARNING:pe_image_reader.cc(340)] could not read dos header from C:\WINDOWS\System32\MSASN1.dll
[1001/145028.560:ERROR:process_memory_win.cc(73)] ReadMemory at 0x7fff13fc0000 of 64 bytes failed: Only part of a ReadProcessMemory or WriteProcessMemory request was completed. (0x12B)
[1001/145028.560:WARNING:pe_image_reader.cc(340)] could not read dos header from C:\WINDOWS\System32\CRYPT32.dll
[1001/145028.560:ERROR:process_memory_win.cc(73)] ReadMemory at 0x7fff12540000 of 64 bytes failed: Only part of a ReadProcessMemory or WriteProcessMemory request was completed. (0x12B)
[1001/145028.560:WARNING:pe_image_reader.cc(340)] could not read dos header from C:\WINDOWS\SYSTEM32\IPHLPAPI.DLL
[1001/145028.560:ERROR:process_memory_win.cc(73)] ReadMemory at 0x7fff0f990000 of 64 bytes failed: Only part of a ReadProcessMemory or WriteProcessMemory request was completed. (0x12B)
[1001/145028.560:WARNING:pe_image_reader.cc(340)] could not read dos header from C:\WINDOWS\SYSTEM32\WINMM.dll
[1001/145028.560:ERROR:process_memory_win.cc(73)] ReadMemory at 0x7ffee4900000 of 64 bytes failed: Only part of a ReadProcessMemory or WriteProcessMemory request was completed. (0x12B)
[1001/145028.560:WARNING:pe_image_reader.cc(340)] could not read dos header from C:\WINDOWS\SYSTEM32\UIAutomationCore.DLL
[1001/145028.560:ERROR:process_memory_win.cc(73)] ReadMemory at 0x7ffeffad0000 of 64 bytes failed: Only part of a ReadProcessMemory or WriteProcessMemory request was completed. (0x12B)
[1001/145028.560:WARNING:pe_image_reader.cc(340)] could not read dos header from C:\WINDOWS\SYSTEM32\Secur32.dll
[1001/145028.560:ERROR:process_memory_win.cc(73)] ReadMemory at 0x7fff12f20000 of 64 bytes failed: Only part of a ReadProcessMemory or WriteProcessMemory request was completed. (0x12B)
[1001/145028.561:WARNING:pe_image_reader.cc(340)] could not read dos header from C:\WINDOWS\SYSTEM32\USERENV.dll
[1001/145028.561:ERROR:process_memory_win.cc(73)] ReadMemory at 0x7fff130c0000 of 64 bytes failed: Only part of a ReadProcessMemory or WriteProcessMemory request was completed. (0x12B)
[1001/145028.561:WARNING:pe_image_reader.cc(340)] could not read dos header from C:\WINDOWS\System32\profapi.dll
[1001/145028.561:ERROR:process_memory_win.cc(73)] ReadMemory at 0x7ffeed010000 of 64 bytes failed: Only part of a ReadProcessMemory or WriteProcessMemory request was completed. (0x12B)
[1001/145028.561:WARNING:pe_image_reader.cc(340)] could not read dos header from C:\WINDOWS\SYSTEM32\DWrite.dll
[1001/145028.562:ERROR:process_memory_win.cc(73)] ReadMemory at 0x7ffef7760000 of 64 bytes failed: Only part of a ReadProcessMemory or WriteProcessMemory request was completed. (0x12B)
[1001/145028.562:WARNING:pe_image_reader.cc(340)] could not read dos header from C:\WINDOWS\SYSTEM32\WINSPOOL.DRV
[1001/145028.562:ERROR:process_memory_win.cc(73)] ReadMemory at 0x7fff130a0000 of 64 bytes failed: Only part of a ReadProcessMemory or WriteProcessMemory request was completed. (0x12B)
[1001/145028.562:WARNING:pe_image_reader.cc(340)] could not read dos header from C:\WINDOWS\System32\kernel.appcore.dll
[1001/145028.562:ERROR:process_memory_win.cc(73)] ReadMemory at 0x7fff13110000 of 64 bytes failed: Only part of a ReadProcessMemory or WriteProcessMemory request was completed. (0x12B)
[1001/145028.562:WARNING:pe_image_reader.cc(340)] could not read dos header from C:\WINDOWS\System32\bcrypt.dll
[1001/145028.562:ERROR:process_memory_win.cc(73)] ReadMemory at 0x7fff118d0000 of 64 bytes failed: Only part of a ReadProcessMemory or WriteProcessMemory request was completed. (0x12B)
[1001/145028.562:WARNING:pe_image_reader.cc(340)] could not read dos header from C:\WINDOWS\SYSTEM32\dbghelp.dll
[1001/145028.563:ERROR:process_memory_win.cc(73)] ReadMemory at 0x7fff07300000 of 64 bytes failed: Only part of a ReadProcessMemory or WriteProcessMemory request was completed. (0x12B)
[1001/145028.563:WARNING:pe_image_reader.cc(340)] could not read dos header from C:\WINDOWS\SYSTEM32\WINHTTP.dll
[1001/145028.563:ERROR:process_memory_win.cc(73)] ReadMemory at 0x7fff075e0000 of 64 bytes failed: Only part of a ReadProcessMemory or WriteProcessMemory request was completed. (0x12B)
[1001/145028.563:WARNING:pe_image_reader.cc(340)] could not read dos header from C:\WINDOWS\SYSTEM32\dhcpcsvc.DLL
[1001/145028.563:ERROR:process_memory_win.cc(73)] ReadMemory at 0x7fff14890000 of 64 bytes failed: Only part of a ReadProcessMemory or WriteProcessMemory request was completed. (0x12B)
[1001/145028.563:WARNING:pe_image_reader.cc(340)] could not read dos header from C:\WINDOWS\System32\NSI.dll
[1001/145028.563:ERROR:process_memory_win.cc(73)] ReadMemory at 0x7fff0f960000 of 64 bytes failed: Only part of a ReadProcessMemory or WriteProcessMemory request was completed. (0x12B)
[1001/145028.563:WARNING:pe_image_reader.cc(340)] could not read dos header from C:\WINDOWS\SYSTEM32\WINMMBASE.dll
[1001/145028.563:ERROR:process_memory_win.cc(73)] ReadMemory at 0x7fff13690000 of 64 bytes failed: Only part of a ReadProcessMemory or WriteProcessMemory request was completed. (0x12B)
[1001/145028.563:WARNING:pe_image_reader.cc(340)] could not read dos header from C:\WINDOWS\System32\cfgmgr32.dll
[1001/145028.563:ERROR:process_memory_win.cc(73)] ReadMemory at 0x7fff0f670000 of 64 bytes failed: Only part of a ReadProcessMemory or WriteProcessMemory request was completed. (0x12B)
[1001/145028.563:WARNING:pe_image_reader.cc(340)] could not read dos header from C:\WINDOWS\SYSTEM32\PROPSYS.dll
[1001/145028.563:ERROR:process_memory_win.cc(73)] ReadMemory at 0x7fff14290000 of 64 bytes failed: Only part of a ReadProcessMemory or WriteProcessMemory request was completed. (0x12B)
[1001/145028.563:WARNING:pe_image_reader.cc(340)] could not read dos header from C:\WINDOWS\System32\shcore.dll
[1001/145028.564:ERROR:process_memory_win.cc(73)] ReadMemory at 0x7fff12f50000 of 64 bytes failed: Only part of a ReadProcessMemory or WriteProcessMemory request was completed. (0x12B)
[1001/145028.564:WARNING:pe_image_reader.cc(340)] could not read dos header from C:\WINDOWS\SYSTEM32\SSPICLI.DLL
[1001/145028.564:ERROR:process_memory_win.cc(73)] ReadMemory at 0x7fff12a60000 of 64 bytes failed: Only part of a ReadProcessMemory or WriteProcessMemory request was completed. (0x12B)
[1001/145028.564:WARNING:pe_image_reader.cc(340)] could not read dos header from C:\WINDOWS\SYSTEM32\CRYPTBASE.DLL
[1001/145028.574:ERROR:process_memory_win.cc(73)] ReadMemory at 0x7ff7e6b50000 of 64 bytes failed: Only part of a ReadProcessMemory or WriteProcessMemory request was completed. (0x12B)
[1001/145028.574:WARNING:pe_image_reader.cc(340)] could not read dos header from C:\Program Files (x86)\Google\Chrome\Application\chrome.exe
[1001/145028.574:ERROR:process_memory_win.cc(73)] ReadMemory at 0x7fff16180000 of 64 bytes failed: Only part of a ReadProcessMemory or WriteProcessMemory request was completed. (0x12B)
[1001/145028.574:WARNING:pe_image_reader.cc(340)] could not read dos header from C:\WINDOWS\SYSTEM32\ntdll.dll
[1001/145028.574:ERROR:process_memory_win.cc(73)] ReadMemory at 0x7fff14d20000 of 64 bytes failed: Only part of a ReadProcessMemory or WriteProcessMemory request was completed. (0x12B)
[1001/145028.574:WARNING:pe_image_reader.cc(340)] could not read dos header from C:\WINDOWS\System32\KERNEL32.DLL
[1001/145028.574:ERROR:process_memory_win.cc(73)] ReadMemory at 0x7fff133e0000 of 64 bytes failed: Only part of a ReadProcessMemory or WriteProcessMemory request was completed. (0x12B)
[1001/145028.574:WARNING:pe_image_reader.cc(340)] could not read dos header from C:\WINDOWS\System32\KERNELBASE.dll
[1001/145028.574:ERROR:process_memory_win.cc(73)] ReadMemory at 0x7ffed67e0000 of 64 bytes failed: Only part of a ReadProcessMemory or WriteProcessMemory request was completed. (0x12B)
[1001/145028.574:WARNING:pe_image_reader.cc(340)] could not read dos header from C:\Program Files (x86)\Google\Chrome\Application\85.0.4183.121\chrome_elf.dll
[1001/145028.574:ERROR:process_memory_win.cc(73)] ReadMemory at 0x7fff07880000 of 64 bytes failed: Only part of a ReadProcessMemory or WriteProcessMemory request was completed. (0x12B)
[1001/145028.574:WARNING:pe_image_reader.cc(340)] could not read dos header from C:\WINDOWS\SYSTEM32\VERSION.dll
[1001/145028.574:ERROR:process_memory_win.cc(73)] ReadMemory at 0x7fff15b90000 of 64 bytes failed: Only part of a ReadProcessMemory or WriteProcessMemory request was completed. (0x12B)
[1001/145028.574:WARNING:pe_image_reader.cc(340)] could not read dos header from C:\WINDOWS\System32\msvcrt.dll
[1001/145028.574:ERROR:process_memory_win.cc(73)] ReadMemory at 0x7fff141b0000 of 64 bytes failed: Only part of a ReadProcessMemory or WriteProcessMemory request was completed. (0x12B)
[1001/145028.575:WARNING:pe_image_reader.cc(340)] could not read dos header from C:\WINDOWS\System32\bcryptPrimitives.dll
[1001/145028.575:ERROR:process_memory_win.cc(73)] ReadMemory at 0x7fff15ef0000 of 64 bytes failed: Only part of a ReadProcessMemory or WriteProcessMemory request was completed. (0x12B)
[1001/145028.575:WARNING:pe_image_reader.cc(340)] could not read dos header from C:\WINDOWS\System32\ADVAPI32.dll
[1001/145028.575:ERROR:process_memory_win.cc(73)] ReadMemory at 0x7fff14df0000 of 64 bytes failed: Only part of a ReadProcessMemory or WriteProcessMemory request was completed. (0x12B)
[1001/145028.575:WARNING:pe_image_reader.cc(340)] could not read dos header from C:\WINDOWS\System32\sechost.dll
[1001/145028.575:ERROR:process_memory_win.cc(73)] ReadMemory at 0x7fff148a0000 of 64 bytes failed: Only part of a ReadProcessMemory or WriteProcessMemory request was completed. (0x12B)
[1001/145028.575:WARNING:pe_image_reader.cc(340)] could not read dos header from C:\WINDOWS\System32\RPCRT4.dll
[1001/145028.575:ERROR:process_memory_win.cc(73)] ReadMemory at 0x7ffeba110000 of 64 bytes failed: Only part of a ReadProcessMemory or WriteProcessMemory request was completed. (0x12B)
[1001/145028.575:WARNING:pe_image_reader.cc(340)] could not read dos header from C:\Program Files (x86)\Google\Chrome\Application\85.0.4183.121\chrome.dll
[1001/145028.575:ERROR:process_memory_win.cc(73)] ReadMemory at 0x7fff149c0000 of 64 bytes failed: Only part of a ReadProcessMemory or WriteProcessMemory request was completed. (0x12B)
[1001/145028.575:WARNING:pe_image_reader.cc(340)] could not read dos header from C:\WINDOWS\System32\WS2_32.dll
[1001/145028.575:ERROR:process_memory_win.cc(73)] ReadMemory at 0x7fff14af0000 of 64 bytes failed: Only part of a ReadProcessMemory or WriteProcessMemory request was completed. (0x12B)
[1001/145028.575:WARNING:pe_image_reader.cc(340)] could not read dos header from C:\WINDOWS\System32\OLEAUT32.dll
[1001/145028.575:ERROR:process_memory_win.cc(73)] ReadMemory at 0x7fff14110000 of 64 bytes failed: Only part of a ReadProcessMemory or WriteProcessMemory request was completed. (0x12B)
[1001/145028.575:WARNING:pe_image_reader.cc(340)] could not read dos header from C:\WINDOWS\System32\msvcp_win.dll
[1001/145028.575:ERROR:process_memory_win.cc(73)] ReadMemory at 0x7fff132e0000 of 64 bytes failed: Only part of a ReadProcessMemory or WriteProcessMemory request was completed. (0x12B)
[1001/145028.576:WARNING:pe_image_reader.cc(340)] could not read dos header from C:\WINDOWS\System32\ucrtbase.dll
[1001/145028.576:ERROR:process_memory_win.cc(73)] ReadMemory at 0x7fff155b0000 of 64 bytes failed: Only part of a ReadProcessMemory or WriteProcessMemory request was completed. (0x12B)
[1001/145028.576:WARNING:pe_image_reader.cc(340)] could not read dos header from C:\WINDOWS\System32\combase.dll
[1001/145028.576:ERROR:process_memory_win.cc(73)] ReadMemory at 0x7fff13f40000 of 64 bytes failed: Only part of a ReadProcessMemory or WriteProcessMemory request was completed. (0x12B)
[1001/145028.576:WARNING:pe_image_reader.cc(340)] could not read dos header from C:\WINDOWS\System32\WINTRUST.dll
[1001/145028.576:ERROR:process_memory_win.cc(73)] ReadMemory at 0x7fff130f0000 of 64 bytes failed: Only part of a ReadProcessMemory or WriteProcessMemory request was completed. (0x12B)
[1001/145028.576:WARNING:pe_image_reader.cc(340)] could not read dos header from C:\WINDOWS\System32\MSASN1.dll
[1001/145028.576:ERROR:process_memory_win.cc(73)] ReadMemory at 0x7fff13fc0000 of 64 bytes failed: Only part of a ReadProcessMemory or WriteProcessMemory request was completed. (0x12B)
[1001/145028.576:WARNING:pe_image_reader.cc(340)] could not read dos header from C:\WINDOWS\System32\CRYPT32.dll
[1001/145028.576:ERROR:process_memory_win.cc(73)] ReadMemory at 0x7fff12540000 of 64 bytes failed: Only part of a ReadProcessMemory or WriteProcessMemory request was completed. (0x12B)
[1001/145028.576:WARNING:pe_image_reader.cc(340)] could not read dos header from C:\WINDOWS\SYSTEM32\IPHLPAPI.DLL
[1001/145028.576:ERROR:process_memory_win.cc(73)] ReadMemory at 0x7fff0f990000 of 64 bytes failed: Only part of a ReadProcessMemory or WriteProcessMemory request was completed. (0x12B)
[1001/145028.577:WARNING:pe_image_reader.cc(340)] could not read dos header from C:\WINDOWS\SYSTEM32\WINMM.dll
[1001/145028.577:ERROR:process_memory_win.cc(73)] ReadMemory at 0x7ffee4900000 of 64 bytes failed: Only part of a ReadProcessMemory or WriteProcessMemory request was completed. (0x12B)
[1001/145028.577:WARNING:pe_image_reader.cc(340)] could not read dos header from C:\WINDOWS\SYSTEM32\UIAutomationCore.DLL
[1001/145028.577:ERROR:process_memory_win.cc(73)] ReadMemory at 0x7ffeffad0000 of 64 bytes failed: Only part of a ReadProcessMemory or WriteProcessMemory request was completed. (0x12B)
[1001/145028.577:WARNING:pe_image_reader.cc(340)] could not read dos header from C:\WINDOWS\SYSTEM32\Secur32.dll
[1001/145028.577:ERROR:process_memory_win.cc(73)] ReadMemory at 0x7fff12f20000 of 64 bytes failed: Only part of a ReadProcessMemory or WriteProcessMemory request was completed. (0x12B)
[1001/145028.577:WARNING:pe_image_reader.cc(340)] could not read dos header from C:\WINDOWS\SYSTEM32\USERENV.dll
[1001/145028.577:ERROR:process_memory_win.cc(73)] ReadMemory at 0x7fff130c0000 of 64 bytes failed: Only part of a ReadProcessMemory or WriteProcessMemory request was completed. (0x12B)
[1001/145028.577:WARNING:pe_image_reader.cc(340)] could not read dos header from C:\WINDOWS\System32\profapi.dll
[1001/145028.577:ERROR:process_memory_win.cc(73)] ReadMemory at 0x7ffeed010000 of 64 bytes failed: Only part of a ReadProcessMemory or WriteProcessMemory request was completed. (0x12B)
[1001/145028.577:WARNING:pe_image_reader.cc(340)] could not read dos header from C:\WINDOWS\SYSTEM32\DWrite.dll
[1001/145028.577:ERROR:process_memory_win.cc(73)] ReadMemory at 0x7ffef7760000 of 64 bytes failed: Only part of a ReadProcessMemory or WriteProcessMemory request was completed. (0x12B)
[1001/145028.577:WARNING:pe_image_reader.cc(340)] could not read dos header from C:\WINDOWS\SYSTEM32\WINSPOOL.DRV
[1001/145028.577:ERROR:process_memory_win.cc(73)] ReadMemory at 0x7fff130a0000 of 64 bytes failed: Only part of a ReadProcessMemory or WriteProcessMemory request was completed. (0x12B)
[1001/145028.577:WARNING:pe_image_reader.cc(340)] could not read dos header from C:\WINDOWS\System32\kernel.appcore.dll
[1001/145028.577:ERROR:process_memory_win.cc(73)] ReadMemory at 0x7fff13110000 of 64 bytes failed: Only part of a ReadProcessMemory or WriteProcessMemory request was completed. (0x12B)
[1001/145028.578:WARNING:pe_image_reader.cc(340)] could not read dos header from C:\WINDOWS\System32\bcrypt.dll
[1001/145028.578:ERROR:process_memory_win.cc(73)] ReadMemory at 0x7fff118d0000 of 64 bytes failed: Only part of a ReadProcessMemory or WriteProcessMemory request was completed. (0x12B)
[1001/145028.578:WARNING:pe_image_reader.cc(340)] could not read dos header from C:\WINDOWS\SYSTEM32\dbghelp.dll
[1001/145028.578:ERROR:process_memory_win.cc(73)] ReadMemory at 0x7fff07300000 of 64 bytes failed: Only part of a ReadProcessMemory or WriteProcessMemory request was completed. (0x12B)
[1001/145028.578:WARNING:pe_image_reader.cc(340)] could not read dos header from C:\WINDOWS\SYSTEM32\WINHTTP.dll
[1001/145028.578:ERROR:process_memory_win.cc(73)] ReadMemory at 0x7fff075e0000 of 64 bytes failed: Only part of a ReadProcessMemory or WriteProcessMemory request was completed. (0x12B)
[1001/145028.578:WARNING:pe_image_reader.cc(340)] could not read dos header from C:\WINDOWS\SYSTEM32\dhcpcsvc.DLL
[1001/145028.578:ERROR:process_memory_win.cc(73)] ReadMemory at 0x7fff14890000 of 64 bytes failed: Only part of a ReadProcessMemory or WriteProcessMemory request was completed. (0x12B)
[1001/145028.578:WARNING:pe_image_reader.cc(340)] could not read dos header from C:\WINDOWS\System32\NSI.dll
[1001/145028.578:ERROR:process_memory_win.cc(73)] ReadMemory at 0x7fff0f960000 of 64 bytes failed: Only part of a ReadProcessMemory or WriteProcessMemory request was completed. (0x12B)
[1001/145028.578:WARNING:pe_image_reader.cc(340)] could not read dos header from C:\WINDOWS\SYSTEM32\WINMMBASE.dll
[1001/145028.578:ERROR:process_memory_win.cc(73)] ReadMemory at 0x7fff13690000 of 64 bytes failed: Only part of a ReadProcessMemory or WriteProcessMemory request was completed. (0x12B)
[1001/145028.578:WARNING:pe_image_reader.cc(340)] could not read dos header from C:\WINDOWS\System32\cfgmgr32.dll
[1001/145028.578:ERROR:process_memory_win.cc(73)] ReadMemory at 0x7fff0f670000 of 64 bytes failed: Only part of a ReadProcessMemory or WriteProcessMemory request was completed. (0x12B)
[1001/145028.579:WARNING:pe_image_reader.cc(340)] could not read dos header from C:\WINDOWS\SYSTEM32\PROPSYS.dll
[1001/145028.579:ERROR:process_memory_win.cc(73)] ReadMemory at 0x7fff14290000 of 64 bytes failed: Only part of a ReadProcessMemory or WriteProcessMemory request was completed. (0x12B)
[1001/145028.579:WARNING:pe_image_reader.cc(340)] could not read dos header from C:\WINDOWS\System32\shcore.dll
[1001/145028.579:ERROR:process_memory_win.cc(73)] ReadMemory at 0x7fff12f50000 of 64 bytes failed: Only part of a ReadProcessMemory or WriteProcessMemory request was completed. (0x12B)
[1001/145028.579:WARNING:pe_image_reader.cc(340)] could not read dos header from C:\WINDOWS\SYSTEM32\SSPICLI.DLL
[1001/145028.579:ERROR:process_memory_win.cc(73)] ReadMemory at 0x7fff12a60000 of 64 bytes failed: Only part of a ReadProcessMemory or WriteProcessMemory request was completed. (0x12B)
[1001/145028.579:WARNING:pe_image_reader.cc(340)] could not read dos header from C:\WINDOWS\SYSTEM32\CRYPTBASE.DLL
[1001/145028.579:ERROR:process_memory_win.cc(73)] ReadMemory at 0x7ff7e6b50000 of 64 bytes failed: Only part of a ReadProcessMemory or WriteProcessMemory request was completed. (0x12B)
[1001/145028.579:WARNING:pe_image_reader.cc(340)] could not read dos header from C:\Program Files (x86)\Google\Chrome\Application\chrome.exe
[1001/145028.579:ERROR:process_memory_win.cc(73)] ReadMemory at 0x7fff16180000 of 64 bytes failed: Only part of a ReadProcessMemory or WriteProcessMemory request was completed. (0x12B)
[1001/145028.579:WARNING:pe_image_reader.cc(340)] could not read dos header from C:\WINDOWS\SYSTEM32\ntdll.dll
[1001/145028.579:ERROR:process_memory_win.cc(73)] ReadMemory at 0x7fff14d20000 of 64 bytes failed: Only part of a ReadProcessMemory or WriteProcessMemory request was completed. (0x12B)
[1001/145028.579:WARNING:pe_image_reader.cc(340)] could not read dos header from C:\WINDOWS\System32\KERNEL32.DLL
[1001/145028.579:ERROR:process_memory_win.cc(73)] ReadMemory at 0x7fff133e0000 of 64 bytes failed: Only part of a ReadProcessMemory or WriteProcessMemory request was completed. (0x12B)
[1001/145028.579:WARNING:pe_image_reader.cc(340)] could not read dos header from C:\WINDOWS\System32\KERNELBASE.dll
[1001/145028.580:ERROR:process_memory_win.cc(73)] ReadMemory at 0x7ffed67e0000 of 64 bytes failed: Only part of a ReadProcessMemory or WriteProcessMemory request was completed. (0x12B)
[1001/145028.580:WARNING:pe_image_reader.cc(340)] could not read dos header from C:\Program Files (x86)\Google\Chrome\Application\85.0.4183.121\chrome_elf.dll
[1001/145028.580:ERROR:process_memory_win.cc(73)] ReadMemory at 0x7fff07880000 of 64 bytes failed: Only part of a ReadProcessMemory or WriteProcessMemory request was completed. (0x12B)
[1001/145028.580:WARNING:pe_image_reader.cc(340)] could not read dos header from C:\WINDOWS\SYSTEM32\VERSION.dll
[1001/145028.580:ERROR:process_memory_win.cc(73)] ReadMemory at 0x7fff15b90000 of 64 bytes failed: Only part of a ReadProcessMemory or WriteProcessMemory request was completed. (0x12B)
[1001/145028.580:WARNING:pe_image_reader.cc(340)] could not read dos header from C:\WINDOWS\System32\msvcrt.dll
[1001/145028.580:ERROR:process_memory_win.cc(73)] ReadMemory at 0x7fff141b0000 of 64 bytes failed: Only part of a ReadProcessMemory or WriteProcessMemory request was completed. (0x12B)
[1001/145028.580:WARNING:pe_image_reader.cc(340)] could not read dos header from C:\WINDOWS\System32\bcryptPrimitives.dll
[1001/145028.580:ERROR:process_memory_win.cc(73)] ReadMemory at 0x7fff15ef0000 of 64 bytes failed: Only part of a ReadProcessMemory or WriteProcessMemory request was completed. (0x12B)
[1001/145028.580:WARNING:pe_image_reader.cc(340)] could not read dos header from C:\WINDOWS\System32\ADVAPI32.dll
[1001/145028.580:ERROR:process_memory_win.cc(73)] ReadMemory at 0x7fff14df0000 of 64 bytes failed: Only part of a ReadProcessMemory or WriteProcessMemory request was completed. (0x12B)
[1001/145028.580:WARNING:pe_image_reader.cc(340)] could not read dos header from C:\WINDOWS\System32\sechost.dll
[1001/145028.580:ERROR:process_memory_win.cc(73)] ReadMemory at 0x7fff148a0000 of 64 bytes failed: Only part of a ReadProcessMemory or WriteProcessMemory request was completed. (0x12B)
[1001/145028.580:WARNING:pe_image_reader.cc(340)] could not read dos header from C:\WINDOWS\System32\RPCRT4.dll
[1001/145028.580:ERROR:process_memory_win.cc(73)] ReadMemory at 0x7ffeba110000 of 64 bytes failed: Only part of a ReadProcessMemory or WriteProcessMemory request was completed. (0x12B)
[1001/145028.580:WARNING:pe_image_reader.cc(340)] could not read dos header from C:\Program Files (x86)\Google\Chrome\Application\85.0.4183.121\chrome.dll
[1001/145028.581:ERROR:process_memory_win.cc(73)] ReadMemory at 0x7fff149c0000 of 64 bytes failed: Only part of a ReadProcessMemory or WriteProcessMemory request was completed. (0x12B)
[1001/145028.581:WARNING:pe_image_reader.cc(340)] could not read dos header from C:\WINDOWS\System32\WS2_32.dll
[1001/145028.581:ERROR:process_memory_win.cc(73)] ReadMemory at 0x7fff14af0000 of 64 bytes failed: Only part of a ReadProcessMemory or WriteProcessMemory request was completed. (0x12B)
[1001/145028.581:WARNING:pe_image_reader.cc(340)] could not read dos header from C:\WINDOWS\System32\OLEAUT32.dll
[1001/145028.581:ERROR:process_memory_win.cc(73)] ReadMemory at 0x7fff14110000 of 64 bytes failed: Only part of a ReadProcessMemory or WriteProcessMemory request was completed. (0x12B)
[1001/145028.581:WARNING:pe_image_reader.cc(340)] could not read dos header from C:\WINDOWS\System32\msvcp_win.dll
[1001/145028.581:ERROR:process_memory_win.cc(73)] ReadMemory at 0x7fff132e0000 of 64 bytes failed: Only part of a ReadProcessMemory or WriteProcessMemory request was completed. (0x12B)
[1001/145028.581:WARNING:pe_image_reader.cc(340)] could not read dos header from C:\WINDOWS\System32\ucrtbase.dll
[1001/145028.581:ERROR:process_memory_win.cc(73)] ReadMemory at 0x7fff155b0000 of 64 bytes failed: Only part of a ReadProcessMemory or WriteProcessMemory request was completed. (0x12B)
[1001/145028.581:WARNING:pe_image_reader.cc(340)] could not read dos header from C:\WINDOWS\System32\combase.dll
[1001/145028.581:ERROR:process_memory_win.cc(73)] ReadMemory at 0x7fff13f40000 of 64 bytes failed: Only part of a ReadProcessMemory or WriteProcessMemory request was completed. (0x12B)
[1001/145028.581:WARNING:pe_image_reader.cc(340)] could not read dos header from C:\WINDOWS\System32\WINTRUST.dll
[1001/145028.581:ERROR:process_memory_win.cc(73)] ReadMemory at 0x7fff130f0000 of 64 bytes failed: Only part of a ReadProcessMemory or WriteProcessMemory request was completed. (0x12B)
[1001/145028.581:WARNING:pe_image_reader.cc(340)] could not read dos header from C:\WINDOWS\System32\MSASN1.dll
[1001/145028.581:ERROR:process_memory_win.cc(73)] ReadMemory at 0x7fff13fc0000 of 64 bytes failed: Only part of a ReadProcessMemory or WriteProcessMemory request was completed. (0x12B)
[1001/145028.582:WARNING:pe_image_reader.cc(340)] could not read dos header from C:\WINDOWS\System32\CRYPT32.dll
[1001/145028.582:ERROR:process_memory_win.cc(73)] ReadMemory at 0x7fff12540000 of 64 bytes failed: Only part of a ReadProcessMemory or WriteProcessMemory request was completed. (0x12B)
[1001/145028.582:WARNING:pe_image_reader.cc(340)] could not read dos header from C:\WINDOWS\SYSTEM32\IPHLPAPI.DLL
[1001/145028.582:ERROR:process_memory_win.cc(73)] ReadMemory at 0x7fff0f990000 of 64 bytes failed: Only part of a ReadProcessMemory or WriteProcessMemory request was completed. (0x12B)
[1001/145028.582:WARNING:pe_image_reader.cc(340)] could not read dos header from C:\WINDOWS\SYSTEM32\WINMM.dll
[1001/145028.582:ERROR:process_memory_win.cc(73)] ReadMemory at 0x7ffee4900000 of 64 bytes failed: Only part of a ReadProcessMemory or WriteProcessMemory request was completed. (0x12B)
[1001/145028.582:WARNING:pe_image_reader.cc(340)] could not read dos header from C:\WINDOWS\SYSTEM32\UIAutomationCore.DLL
[1001/145028.582:ERROR:process_memory_win.cc(73)] ReadMemory at 0x7ffeffad0000 of 64 bytes failed: Only part of a ReadProcessMemory or WriteProcessMemory request was completed. (0x12B)
[1001/145028.582:WARNING:pe_image_reader.cc(340)] could not read dos header from C:\WINDOWS\SYSTEM32\Secur32.dll
[1001/145028.582:ERROR:process_memory_win.cc(73)] ReadMemory at 0x7fff12f20000 of 64 bytes failed: Only part of a ReadProcessMemory or WriteProcessMemory request was completed. (0x12B)
[1001/145028.582:WARNING:pe_image_reader.cc(340)] could not read dos header from C:\WINDOWS\SYSTEM32\USERENV.dll
[1001/145028.582:ERROR:process_memory_win.cc(73)] ReadMemory at 0x7fff130c0000 of 64 bytes failed: Only part of a ReadProcessMemory or WriteProcessMemory request was completed. (0x12B)
[1001/145028.582:WARNING:pe_image_reader.cc(340)] could not read dos header from C:\WINDOWS\System32\profapi.dll
[1001/145028.582:ERROR:process_memory_win.cc(73)] ReadMemory at 0x7ffeed010000 of 64 bytes failed: Only part of a ReadProcessMemory or WriteProcessMemory request was completed. (0x12B)
[1001/145028.582:WARNING:pe_image_reader.cc(340)] could not read dos header from C:\WINDOWS\SYSTEM32\DWrite.dll
[1001/145028.582:ERROR:process_memory_win.cc(73)] ReadMemory at 0x7ffef7760000 of 64 bytes failed: Only part of a ReadProcessMemory or WriteProcessMemory request was completed. (0x12B)
[1001/145028.583:WARNING:pe_image_reader.cc(340)] could not read dos header from C:\WINDOWS\SYSTEM32\WINSPOOL.DRV
[1001/145028.583:ERROR:process_memory_win.cc(73)] ReadMemory at 0x7fff130a0000 of 64 bytes failed: Only part of a ReadProcessMemory or WriteProcessMemory request was completed. (0x12B)
[1001/145028.583:WARNING:pe_image_reader.cc(340)] could not read dos header from C:\WINDOWS\System32\kernel.appcore.dll
[1001/145028.583:ERROR:process_memory_win.cc(73)] ReadMemory at 0x7fff13110000 of 64 bytes failed: Only part of a ReadProcessMemory or WriteProcessMemory request was completed. (0x12B)
[1001/145028.583:WARNING:pe_image_reader.cc(340)] could not read dos header from C:\WINDOWS\System32\bcrypt.dll
[1001/145028.583:ERROR:process_memory_win.cc(73)] ReadMemory at 0x7fff118d0000 of 64 bytes failed: Only part of a ReadProcessMemory or WriteProcessMemory request was completed. (0x12B)
[1001/145028.583:WARNING:pe_image_reader.cc(340)] could not read dos header from C:\WINDOWS\SYSTEM32\dbghelp.dll
[1001/145028.583:ERROR:process_memory_win.cc(73)] ReadMemory at 0x7fff07300000 of 64 bytes failed: Only part of a ReadProcessMemory or WriteProcessMemory request was completed. (0x12B)
[1001/145028.583:WARNING:pe_image_reader.cc(340)] could not read dos header from C:\WINDOWS\SYSTEM32\WINHTTP.dll
[1001/145028.583:ERROR:process_memory_win.cc(73)] ReadMemory at 0x7fff075e0000 of 64 bytes failed: Only part of a ReadProcessMemory or WriteProcessMemory request was completed. (0x12B)
[1001/145028.583:WARNING:pe_image_reader.cc(340)] could not read dos header from C:\WINDOWS\SYSTEM32\dhcpcsvc.DLL
[1001/145028.583:ERROR:process_memory_win.cc(73)] ReadMemory at 0x7fff14890000 of 64 bytes failed: Only part of a ReadProcessMemory or WriteProcessMemory request was completed. (0x12B)
[1001/145028.583:WARNING:pe_image_reader.cc(340)] could not read dos header from C:\WINDOWS\System32\NSI.dll
[1001/145028.583:ERROR:process_memory_win.cc(73)] ReadMemory at 0x7fff0f960000 of 64 bytes failed: Only part of a ReadProcessMemory or WriteProcessMemory request was completed. (0x12B)
[1001/145028.583:WARNING:pe_image_reader.cc(340)] could not read dos header from C:\WINDOWS\SYSTEM32\WINMMBASE.dll
[1001/145028.584:ERROR:process_memory_win.cc(73)] ReadMemory at 0x7fff13690000 of 64 bytes failed: Only part of a ReadProcessMemory or WriteProcessMemory request was completed. (0x12B)
[1001/145028.584:WARNING:pe_image_reader.cc(340)] could not read dos header from C:\WINDOWS\System32\cfgmgr32.dll
[1001/145028.584:ERROR:process_memory_win.cc(73)] ReadMemory at 0x7fff0f670000 of 64 bytes failed: Only part of a ReadProcessMemory or WriteProcessMemory request was completed. (0x12B)
[1001/145028.584:WARNING:pe_image_reader.cc(340)] could not read dos header from C:\WINDOWS\SYSTEM32\PROPSYS.dll
[1001/145028.584:ERROR:process_memory_win.cc(73)] ReadMemory at 0x7fff14290000 of 64 bytes failed: Only part of a ReadProcessMemory or WriteProcessMemory request was completed. (0x12B)
[1001/145028.584:WARNING:pe_image_reader.cc(340)] could not read dos header from C:\WINDOWS\System32\shcore.dll
[1001/145028.584:ERROR:process_memory_win.cc(73)] ReadMemory at 0x7fff12f50000 of 64 bytes failed: Only part of a ReadProcessMemory or WriteProcessMemory request was completed. (0x12B)
[1001/145028.584:WARNING:pe_image_reader.cc(340)] could not read dos header from C:\WINDOWS\SYSTEM32\SSPICLI.DLL
[1001/145028.584:ERROR:process_memory_win.cc(73)] ReadMemory at 0x7fff12a60000 of 64 bytes failed: Only part of a ReadProcessMemory or WriteProcessMemory request was completed. (0x12B)
[1001/145028.584:WARNING:pe_image_reader.cc(340)] could not read dos header from C:\WINDOWS\SYSTEM32\CRYPTBASE.DLL
[1001/145028.607:ERROR:process_memory_win.cc(73)] ReadMemory at 0xd38bddf000 of 135168 bytes failed: Only part of a ReadProcessMemory or WriteProcessMemory request was completed. (0x12B)
[1001/145028.608:ERROR:process_memory_win.cc(73)] ReadMemory at 0xd38c5fd000 of 12288 bytes failed: Only part of a ReadProcessMemory or WriteProcessMemory request was completed. (0x12B)
[1001/145028.608:ERROR:process_memory_win.cc(73)] ReadMemory at 0xd38d5fc000 of 16384 bytes failed: Only part of a ReadProcessMemory or WriteProcessMemory request was completed. (0x12B)
[1001/145028.608:ERROR:process_memory_win.cc(73)] ReadMemory at 0xd38ddfb000 of 20480 bytes failed: Only part of a ReadProcessMemory or WriteProcessMemory request was completed. (0x12B)
[1001/145028.608:ERROR:process_memory_win.cc(73)] ReadMemory at 0xd38e5ff000 of 4096 bytes failed: Only part of a ReadProcessMemory or WriteProcessMemory request was completed. (0x12B)
[1001/145028.608:ERROR:process_memory_win.cc(73)] ReadMemory at 0xd38edfd000 of 12288 bytes failed: Only part of a ReadProcessMemory or WriteProcessMemory request was completed. (0x12B)
[1001/145028.608:ERROR:process_memory_win.cc(73)] ReadMemory at 0xd38f5fc000 of 16384 bytes failed: Only part of a ReadProcessMemory or WriteProcessMemory request was completed. (0x12B)
[1001/145028.609:ERROR:process_memory_win.cc(73)] ReadMemory at 0xd3905fd000 of 12288 bytes failed: Only part of a ReadProcessMemory or WriteProcessMemory request was completed. (0x12B)
[1001/145028.609:ERROR:process_memory_win.cc(73)] ReadMemory at 0xd390dfa000 of 24576 bytes failed: Only part of a ReadProcessMemory or WriteProcessMemory request was completed. (0x12B)
[1001/145028.609:ERROR:process_memory_win.cc(73)] ReadMemory at 0xd3915fb000 of 20480 bytes failed: Only part of a ReadProcessMemory or WriteProcessMemory request was completed. (0x12B)
[1001/145028.610:ERROR:process_memory_win.cc(73)] ReadMemory at 0xd391dfd000 of 12288 bytes failed: Only part of a ReadProcessMemory or WriteProcessMemory request was completed. (0x12B)
[1001/145028.610:ERROR:process_memory_win.cc(73)] ReadMemory at 0xd3925fd000 of 12288 bytes failed: Only part of a ReadProcessMemory or WriteProcessMemory request was completed. (0x12B)
[1001/145028.610:ERROR:process_memory_win.cc(73)] ReadMemory at 0xd392dfc000 of 16384 bytes failed: Only part of a ReadProcessMemory or WriteProcessMemory request was completed. (0x12B)
[1001/145028.610:ERROR:process_memory_win.cc(73)] ReadMemory at 0xd38fdf8000 of 32768 bytes failed: Only part of a ReadProcessMemory or WriteProcessMemory request was completed. (0x12B)
[1001/145028.610:ERROR:process_memory_win.cc(73)] ReadMemory at 0xd38b400000 of 6024 bytes failed: Only part of a ReadProcessMemory or WriteProcessMemory request was completed. (0x12B)
[1001/145028.610:ERROR:process_memory_win.cc(73)] ReadMemory at 0xd38b402000 of 6024 bytes failed: Only part of a ReadProcessMemory or WriteProcessMemory request was completed. (0x12B)
[1001/145028.611:ERROR:process_memory_win.cc(73)] ReadMemory at 0xd38b406000 of 6024 bytes failed: Only part of a ReadProcessMemory or WriteProcessMemory request was completed. (0x12B)
[1001/145028.611:ERROR:process_memory_win.cc(73)] ReadMemory at 0xd38b408000 of 6024 bytes failed: Only part of a ReadProcessMemory or WriteProcessMemory request was completed. (0x12B)
[1001/145028.611:ERROR:process_memory_win.cc(73)] ReadMemory at 0xd38b40a000 of 6024 bytes failed: Only part of a ReadProcessMemory or WriteProcessMemory request was completed. (0x12B)
[1001/145028.611:ERROR:process_memory_win.cc(73)] ReadMemory at 0xd38b40c000 of 6024 bytes failed: Only part of a ReadProcessMemory or WriteProcessMemory request was completed. (0x12B)
[1001/145028.611:ERROR:process_memory_win.cc(73)] ReadMemory at 0xd38b40e000 of 6024 bytes failed: Only part of a ReadProcessMemory or WriteProcessMemory request was completed. (0x12B)
[1001/145028.611:ERROR:process_memory_win.cc(73)] ReadMemory at 0xd38b412000 of 6024 bytes failed: Only part of a ReadProcessMemory or WriteProcessMemory request was completed. (0x12B)
[1001/145028.611:ERROR:process_memory_win.cc(73)] ReadMemory at 0xd38b414000 of 6024 bytes failed: Only part of a ReadProcessMemory or WriteProcessMemory request was completed. (0x12B)
[1001/145028.612:ERROR:process_memory_win.cc(73)] ReadMemory at 0xd38b416000 of 6024 bytes failed: Only part of a ReadProcessMemory or WriteProcessMemory request was completed. (0x12B)
[1001/145028.612:ERROR:process_memory_win.cc(73)] ReadMemory at 0xd38b418000 of 6024 bytes failed: Only part of a ReadProcessMemory or WriteProcessMemory request was completed. (0x12B)
[1001/145028.612:ERROR:process_memory_win.cc(73)] ReadMemory at 0xd38b41a000 of 6024 bytes failed: Only part of a ReadProcessMemory or WriteProcessMemory request was completed. (0x12B)
[1001/145028.612:ERROR:process_memory_win.cc(73)] ReadMemory at 0xd38b41c000 of 6024 bytes failed: Only part of a ReadProcessMemory or WriteProcessMemory request was completed. (0x12B)
[1001/145028.612:ERROR:process_memory_win.cc(73)] ReadMemory at 0xd38b41e000 of 6024 bytes failed: Only part of a ReadProcessMemory or WriteProcessMemory request was completed. (0x12B)
[1001/145028.612:ERROR:process_memory_win.cc(73)] ReadMemory at 0xd38b5ff000 of 852 bytes failed: Only part of a ReadProcessMemory or WriteProcessMemory request was completed. (0x12B)
[1001/145028.613:ERROR:process_memory_win.cc(73)] ReadMemory at 0x1ea0a900000 of 384 bytes failed: Only part of a ReadProcessMemory or WriteProcessMemory request was completed. (0x12B)
[1001/145028.613:ERROR:process_memory_win.cc(73)] ReadMemory at 0x1ea0a900fe0 of 7626 bytes failed: Only part of a ReadProcessMemory or WriteProcessMemory request was completed. (0x12B)
[1001/145028.613:ERROR:process_memory_win.cc(73)] ReadMemory at 0x1ea0a902dc0 of 1012 bytes failed: Only part of a ReadProcessMemory or WriteProcessMemory request was completed. (0x12B)
[1001/145028.613:ERROR:process_memory_win.cc(73)] ReadMemory at 0x1ea0a903408 of 118 bytes failed: Only part of a ReadProcessMemory or WriteProcessMemory request was completed. (0x12B)
[1001/145028.613:ERROR:process_memory_win.cc(73)] ReadMemory at 0x1ea0a903480 of 1042 bytes failed: Only part of a ReadProcessMemory or WriteProcessMemory request was completed. (0x12B)
[1001/145028.613:ERROR:process_memory_win.cc(73)] ReadMemory at 0x1ea0a903894 of 118 bytes failed: Only part of a ReadProcessMemory or WriteProcessMemory request was completed. (0x12B)
[1001/145028.613:ERROR:process_memory_win.cc(73)] ReadMemory at 0x1ea0a90390c of 102 bytes failed: Only part of a ReadProcessMemory or WriteProcessMemory request was completed. (0x12B)
[1001/145028.613:ERROR:process_memory_win.cc(73)] ReadMemory at 0x1ea0a903980 of 58 bytes failed: Only part of a ReadProcessMemory or WriteProcessMemory request was completed. (0x12B)
[1001/145028.614:ERROR:process_memory_win.cc(73)] ReadMemory at 0x1ea0a903a80 of 132 bytes failed: Only part of a ReadProcessMemory or WriteProcessMemory request was completed. (0x12B)
[1001/145028.614:ERROR:process_memory_win.cc(73)] ReadMemory at 0x1ea0a903c10 of 132 bytes failed: Only part of a ReadProcessMemory or WriteProcessMemory request was completed. (0x12B)
[1001/145028.614:ERROR:process_memory_win.cc(73)] ReadMemory at 0x1ea0a903dd0 of 126 bytes failed: Only part of a ReadProcessMemory or WriteProcessMemory request was completed. (0x12B)
[1001/145028.614:ERROR:process_memory_win.cc(73)] ReadMemory at 0x1ea0a9041b0 of 132 bytes failed: Only part of a ReadProcessMemory or WriteProcessMemory request was completed. (0x12B)
[1001/145028.614:ERROR:process_memory_win.cc(73)] ReadMemory at 0x1ea0a904340 of 64 bytes failed: Only part of a ReadProcessMemory or WriteProcessMemory request was completed. (0x12B)
[1001/145028.614:ERROR:process_memory_win.cc(73)] ReadMemory at 0x1ea0a904500 of 132 bytes failed: Only part of a ReadProcessMemory or WriteProcessMemory request was completed. (0x12B)
[1001/145028.614:ERROR:process_memory_win.cc(73)] ReadMemory at 0x1ea0a9047a0 of 132 bytes failed: Only part of a ReadProcessMemory or WriteProcessMemory request was completed. (0x12B)
[1001/145028.614:ERROR:process_memory_win.cc(73)] ReadMemory at 0x1ea0a904930 of 68 bytes failed: Only part of a ReadProcessMemory or WriteProcessMemory request was completed. (0x12B)
[1001/145028.615:ERROR:process_memory_win.cc(73)] ReadMemory at 0x1ea0a905a90 of 132 bytes failed: Only part of a ReadProcessMemory or WriteProcessMemory request was completed. (0x12B)
[1001/145028.615:ERROR:process_memory_win.cc(73)] ReadMemory at 0x1ea0a905c20 of 154 bytes failed: Only part of a ReadProcessMemory or WriteProcessMemory request was completed. (0x12B)
[1001/145028.615:ERROR:process_memory_win.cc(73)] ReadMemory at 0x1ea0a906a20 of 62 bytes failed: Only part of a ReadProcessMemory or WriteProcessMemory request was completed. (0x12B)
[1001/145028.615:ERROR:process_memory_win.cc(73)] ReadMemory at 0x1ea0a906b80 of 132 bytes failed: Only part of a ReadProcessMemory or WriteProcessMemory request was completed. (0x12B)
[1001/145028.615:ERROR:process_memory_win.cc(73)] ReadMemory at 0x1ea0a906d10 of 60 bytes failed: Only part of a ReadProcessMemory or WriteProcessMemory request was completed. (0x12B)
[1001/145028.615:ERROR:process_memory_win.cc(73)] ReadMemory at 0x1ea0a90c010 of 60 bytes failed: Only part of a ReadProcessMemory or WriteProcessMemory request was completed. (0x12B)
[1001/145028.615:ERROR:process_memory_win.cc(73)] ReadMemory at 0x1ea0a90c290 of 62 bytes failed: Only part of a ReadProcessMemory or WriteProcessMemory request was completed. (0x12B)
[1001/145028.615:ERROR:process_memory_win.cc(73)] ReadMemory at 0x1ea0a9103e0 of 54 bytes failed: Only part of a ReadProcessMemory or WriteProcessMemory request was completed. (0x12B)
[1001/145028.616:ERROR:process_memory_win.cc(73)] ReadMemory at 0x1ea0a9155e0 of 146 bytes failed: Only part of a ReadProcessMemory or WriteProcessMemory request was completed. (0x12B)
[1001/145028.616:ERROR:process_memory_win.cc(73)] ReadMemory at 0x1ea0a915e60 of 132 bytes failed: Only part of a ReadProcessMemory or WriteProcessMemory request was completed. (0x12B)
[1001/145028.616:ERROR:process_memory_win.cc(73)] ReadMemory at 0x1ea0a9162b0 of 132 bytes failed: Only part of a ReadProcessMemory or WriteProcessMemory request was completed. (0x12B)
[1001/145028.616:ERROR:process_memory_win.cc(73)] ReadMemory at 0x1ea0a9163e0 of 132 bytes failed: Only part of a ReadProcessMemory or WriteProcessMemory request was completed. (0x12B)
[1001/145028.616:ERROR:process_memory_win.cc(73)] ReadMemory at 0x1ea0a916510 of 132 bytes failed: Only part of a ReadProcessMemory or WriteProcessMemory request was completed. (0x12B)
[1001/145028.616:ERROR:process_memory_win.cc(73)] ReadMemory at 0x1ea0a916640 of 132 bytes failed: Only part of a ReadProcessMemory or WriteProcessMemory request was completed. (0x12B)
[1001/145028.616:ERROR:process_memory_win.cc(73)] ReadMemory at 0x1ea0a917a10 of 80 bytes failed: Only part of a ReadProcessMemory or WriteProcessMemory request was completed. (0x12B)
[1001/145028.617:ERROR:process_memory_win.cc(73)] ReadMemory at 0x1ea0a917fd0 of 132 bytes failed: Only part of a ReadProcessMemory or WriteProcessMemory request was completed. (0x12B)
[1001/145028.617:ERROR:process_memory_win.cc(73)] ReadMemory at 0x1ea0a918930 of 80 bytes failed: Only part of a ReadProcessMemory or WriteProcessMemory request was completed. (0x12B)
[1001/145028.617:ERROR:process_memory_win.cc(73)] ReadMemory at 0x1ea0a918b10 of 76 bytes failed: Only part of a ReadProcessMemory or WriteProcessMemory request was completed. (0x12B)
[1001/145028.617:ERROR:process_memory_win.cc(73)] ReadMemory at 0x1ea0a919ca0 of 60 bytes failed: Only part of a ReadProcessMemory or WriteProcessMemory request was completed. (0x12B)
[1001/145028.617:ERROR:process_memory_win.cc(73)] ReadMemory at 0x1ea0a919de0 of 62 bytes failed: Only part of a ReadProcessMemory or WriteProcessMemory request was completed. (0x12B)
[1001/145028.617:ERROR:process_memory_win.cc(73)] ReadMemory at 0x1ea0a919e30 of 60 bytes failed: Only part of a ReadProcessMemory or WriteProcessMemory request was completed. (0x12B)
[1001/145028.617:ERROR:process_memory_win.cc(73)] ReadMemory at 0x1ea0a919ed0 of 62 bytes failed: Only part of a ReadProcessMemory or WriteProcessMemory request was completed. (0x12B)
[1001/145028.617:ERROR:process_memory_win.cc(73)] ReadMemory at 0x1ea0a919f20 of 60 bytes failed: Only part of a ReadProcessMemory or WriteProcessMemory request was completed. (0x12B)
[1001/145028.617:ERROR:process_memory_win.cc(73)] ReadMemory at 0x1ea0a919f70 of 58 bytes failed: Only part of a ReadProcessMemory or WriteProcessMemory request was completed. (0x12B)
[1001/145028.618:ERROR:process_memory_win.cc(73)] ReadMemory at 0x1ea0a919fc0 of 64 bytes failed: Only part of a ReadProcessMemory or WriteProcessMemory request was completed. (0x12B)
[1001/145028.618:ERROR:process_memory_win.cc(73)] ReadMemory at 0x1ea0a91a150 of 64 bytes failed: Only part of a ReadProcessMemory or WriteProcessMemory request was completed. (0x12B)
[1001/145028.618:ERROR:process_memory_win.cc(73)] ReadMemory at 0x1ea0a91a1a0 of 60 bytes failed: Only part of a ReadProcessMemory or WriteProcessMemory request was completed. (0x12B)
[1001/145028.618:ERROR:process_memory_win.cc(73)] ReadMemory at 0x1ea0a91a2e0 of 60 bytes failed: Only part of a ReadProcessMemory or WriteProcessMemory request was completed. (0x12B)
[1001/145028.618:ERROR:process_memory_win.cc(73)] ReadMemory at 0x1ea0a91a330 of 64 bytes failed: Only part of a ReadProcessMemory or WriteProcessMemory request was completed. (0x12B)
[1001/145028.619:ERROR:process_memory_win.cc(73)] ReadMemory at 0x1ea0a91a380 of 64 bytes failed: Only part of a ReadProcessMemory or WriteProcessMemory request was completed. (0x12B)
[1001/145028.619:ERROR:process_memory_win.cc(73)] ReadMemory at 0x1ea0a91a420 of 64 bytes failed: Only part of a ReadProcessMemory or WriteProcessMemory request was completed. (0x12B)
[1001/145028.619:ERROR:process_memory_win.cc(73)] ReadMemory at 0x1ea0a91a510 of 62 bytes failed: Only part of a ReadProcessMemory or WriteProcessMemory request was completed. (0x12B)
[1001/145028.619:ERROR:process_memory_win.cc(73)] ReadMemory at 0x1ea0a91a5b0 of 64 bytes failed: Only part of a ReadProcessMemory or WriteProcessMemory request was completed. (0x12B)
[1001/145028.619:ERROR:process_memory_win.cc(73)] ReadMemory at 0x1ea0a91a600 of 64 bytes failed: Only part of a ReadProcessMemory or WriteProcessMemory request was completed. (0x12B)
[1001/145028.619:ERROR:process_memory_win.cc(73)] ReadMemory at 0x1ea0a91a6f0 of 62 bytes failed: Only part of a ReadProcessMemory or WriteProcessMemory request was completed. (0x12B)
[1001/145028.619:ERROR:process_memory_win.cc(73)] ReadMemory at 0x1ea0a91a740 of 62 bytes failed: Only part of a ReadProcessMemory or WriteProcessMemory request was completed. (0x12B)
[1001/145028.620:ERROR:process_memory_win.cc(73)] ReadMemory at 0x1ea0a91a7e0 of 62 bytes failed: Only part of a ReadProcessMemory or WriteProcessMemory request was completed. (0x12B)
[1001/145028.620:ERROR:process_memory_win.cc(73)] ReadMemory at 0x1ea0a91a880 of 62 bytes failed: Only part of a ReadProcessMemory or WriteProcessMemory request was completed. (0x12B)
[1001/145028.620:ERROR:process_memory_win.cc(73)] ReadMemory at 0x1ea0a91a8d0 of 62 bytes failed: Only part of a ReadProcessMemory or WriteProcessMemory request was completed. (0x12B)
[1001/145028.620:ERROR:process_memory_win.cc(73)] ReadMemory at 0x1ea0a91a920 of 66 bytes failed: Only part of a ReadProcessMemory or WriteProcessMemory request was completed. (0x12B)
[1001/145028.620:ERROR:process_memory_win.cc(73)] ReadMemory at 0x1ea0a91aa10 of 62 bytes failed: Only part of a ReadProcessMemory or WriteProcessMemory request was completed. (0x12B)
[1001/145028.620:ERROR:process_memory_win.cc(73)] ReadMemory at 0x1ea0a91aab0 of 64 bytes failed: Only part of a ReadProcessMemory or WriteProcessMemory request was completed. (0x12B)
[1001/145028.620:ERROR:process_memory_win.cc(73)] ReadMemory at 0x1ea0a91ab50 of 66 bytes failed: Only part of a ReadProcessMemory or WriteProcessMemory request was completed. (0x12B)
[1001/145028.620:ERROR:process_memory_win.cc(73)] ReadMemory at 0x1ea0a91ac10 of 132 bytes failed: Only part of a ReadProcessMemory or WriteProcessMemory request was completed. (0x12B)
[1001/145028.620:ERROR:process_memory_win.cc(73)] ReadMemory at 0x1ea0a91ad40 of 132 bytes failed: Only part of a ReadProcessMemory or WriteProcessMemory request was completed. (0x12B)
[1001/145028.621:ERROR:process_memory_win.cc(73)] ReadMemory at 0x1ea0a91ae70 of 132 bytes failed: Only part of a ReadProcessMemory or WriteProcessMemory request was completed. (0x12B)
[1001/145028.621:ERROR:process_memory_win.cc(73)] ReadMemory at 0x1ea0a91afa0 of 132 bytes failed: Only part of a ReadProcessMemory or WriteProcessMemory request was completed. (0x12B)
[1001/145028.621:ERROR:process_memory_win.cc(73)] ReadMemory at 0x1ea0a91b0d0 of 132 bytes failed: Only part of a ReadProcessMemory or WriteProcessMemory request was completed. (0x12B)
[1001/145028.621:ERROR:process_memory_win.cc(73)] ReadMemory at 0x1ea0a91b200 of 132 bytes failed: Only part of a ReadProcessMemory or WriteProcessMemory request was completed. (0x12B)
[1001/145028.621:ERROR:process_memory_win.cc(73)] ReadMemory at 0x1ea0a91d290 of 132 bytes failed: Only part of a ReadProcessMemory or WriteProcessMemory request was completed. (0x12B)
[1001/145028.621:ERROR:process_memory_win.cc(73)] ReadMemory at 0x1ea0a91f900 of 132 bytes failed: Only part of a ReadProcessMemory or WriteProcessMemory request was completed. (0x12B)
[1001/145028.621:ERROR:process_memory_win.cc(73)] ReadMemory at 0x1ea0a91fb20 of 132 bytes failed: Only part of a ReadProcessMemory or WriteProcessMemory request was completed. (0x12B)
[1001/145028.622:ERROR:process_memory_win.cc(73)] ReadMemory at 0x1ea0a91fe80 of 132 bytes failed: Only part of a ReadProcessMemory or WriteProcessMemory request was completed. (0x12B)
[1001/145028.622:ERROR:process_memory_win.cc(73)] ReadMemory at 0x1ea0a922fd0 of 132 bytes failed: Only part of a ReadProcessMemory or WriteProcessMemory request was completed. (0x12B)
[1001/145028.622:ERROR:process_memory_win.cc(73)] ReadMemory at 0x1ea0a923100 of 132 bytes failed: Only part of a ReadProcessMemory or WriteProcessMemory request was completed. (0x12B)
[1001/145028.622:ERROR:process_memory_win.cc(73)] ReadMemory at 0x1ea0a923230 of 132 bytes failed: Only part of a ReadProcessMemory or WriteProcessMemory request was completed. (0x12B)
[1001/145028.622:ERROR:process_memory_win.cc(73)] ReadMemory at 0x1ea0a923490 of 132 bytes failed: Only part of a ReadProcessMemory or WriteProcessMemory request was completed. (0x12B)
[1001/145028.622:ERROR:process_memory_win.cc(73)] ReadMemory at 0x1ea0a923950 of 132 bytes failed: Only part of a ReadProcessMemory or WriteProcessMemory request was completed. (0x12B)
[1001/145028.622:ERROR:process_memory_win.cc(73)] ReadMemory at 0x1ea0a923a80 of 132 bytes failed: Only part of a ReadProcessMemory or WriteProcessMemory request was completed. (0x12B)
[1001/145028.622:ERROR:process_memory_win.cc(73)] ReadMemory at 0x1ea0a923bb0 of 132 bytes failed: Only part of a ReadProcessMemory or WriteProcessMemory request was completed. (0x12B)
[1001/145028.623:ERROR:process_memory_win.cc(73)] ReadMemory at 0x1ea0a923ce0 of 132 bytes failed: Only part of a ReadProcessMemory or WriteProcessMemory request was completed. (0x12B)
[1001/145028.623:ERROR:process_memory_win.cc(73)] ReadMemory at 0x1ea0a923e10 of 132 bytes failed: Only part of a ReadProcessMemory or WriteProcessMemory request was completed. (0x12B)
[1001/145028.623:ERROR:process_memory_win.cc(73)] ReadMemory at 0x1ea0a924400 of 132 bytes failed: Only part of a ReadProcessMemory or WriteProcessMemory request was completed. (0x12B)
[1001/145028.623:ERROR:process_memory_win.cc(73)] ReadMemory at 0x1ea0a924530 of 132 bytes failed: Only part of a ReadProcessMemory or WriteProcessMemory request was completed. (0x12B)
[1001/145028.623:ERROR:process_memory_win.cc(73)] ReadMemory at 0x1ea0a924660 of 132 bytes failed: Only part of a ReadProcessMemory or WriteProcessMemory request was completed. (0x12B)
[1001/145028.623:ERROR:process_memory_win.cc(73)] ReadMemory at 0x1ea0a924790 of 132 bytes failed: Only part of a ReadProcessMemory or WriteProcessMemory request was completed. (0x12B)
[1001/145028.623:ERROR:process_memory_win.cc(73)] ReadMemory at 0x1ea0a924b20 of 132 bytes failed: Only part of a ReadProcessMemory or WriteProcessMemory request was completed. (0x12B)
[1001/145028.623:ERROR:process_memory_win.cc(73)] ReadMemory at 0x1ea0a924c50 of 132 bytes failed: Only part of a ReadProcessMemory or WriteProcessMemory request was completed. (0x12B)
[1001/145028.623:ERROR:process_memory_win.cc(73)] ReadMemory at 0x1ea0a924d80 of 132 bytes failed: Only part of a ReadProcessMemory or WriteProcessMemory request was completed. (0x12B)
[1001/145028.624:ERROR:process_memory_win.cc(73)] ReadMemory at 0x1ea0a96dbb0 of 512 bytes failed: Only part of a ReadProcessMemory or WriteProcessMemory request was completed. (0x12B)
[1001/145028.624:ERROR:process_memory_win.cc(73)] ReadMemory at 0x1ea0a97fe90 of 512 bytes failed: Only part of a ReadProcessMemory or WriteProcessMemory request was completed. (0x12B)
[1001/145028.624:ERROR:process_memory_win.cc(73)] ReadMemory at 0x1ea0a9972d0 of 512 bytes failed: Only part of a ReadProcessMemory or WriteProcessMemory request was completed. (0x12B)
[1001/145028.624:ERROR:process_memory_win.cc(73)] ReadMemory at 0x1ea0a998ec0 of 512 bytes failed: Only part of a ReadProcessMemory or WriteProcessMemory request was completed. (0x12B)
[1001/145028.624:ERROR:process_memory_win.cc(73)] ReadMemory at 0x1ea0a99d3f0 of 512 bytes failed: Only part of a ReadProcessMemory or WriteProcessMemory request was completed. (0x12B)
[1001/145028.624:ERROR:process_memory_win.cc(73)] ReadMemory at 0x1ea0a9a11c0 of 512 bytes failed: Only part of a ReadProcessMemory or WriteProcessMemory request was completed. (0x12B)
[1001/145028.624:ERROR:process_memory_win.cc(73)] ReadMemory at 0x1ea0a9b4680 of 512 bytes failed: Only part of a ReadProcessMemory or WriteProcessMemory request was completed. (0x12B)
[1001/145028.625:ERROR:process_memory_win.cc(73)] ReadMemory at 0x1ea0a9b4a50 of 712 bytes failed: Only part of a ReadProcessMemory or WriteProcessMemory request was completed. (0x12B)
[1001/145028.625:ERROR:process_memory_win.cc(73)] ReadMemory at 0x1ea0aa31000 of 512 bytes failed: Only part of a ReadProcessMemory or WriteProcessMemory request was completed. (0x12B)
[1001/145028.625:ERROR:process_memory_win.cc(73)] ReadMemory at 0x1ea0aa32140 of 512 bytes failed: Only part of a ReadProcessMemory or WriteProcessMemory request was completed. (0x12B)
[1001/145028.625:ERROR:process_memory_win.cc(73)] ReadMemory at 0x1ea0c23cb81 of 512 bytes failed: Only part of a ReadProcessMemory or WriteProcessMemory request was completed. (0x12B)
[1001/145028.625:ERROR:process_memory_win.cc(73)] ReadMemory at 0x1ea0c27c3d0 of 512 bytes failed: Only part of a ReadProcessMemory or WriteProcessMemory request was completed. (0x12B)
[1001/145028.625:ERROR:process_memory_win.cc(73)] ReadMemory at 0x1ea0c281970 of 512 bytes failed: Only part of a ReadProcessMemory or WriteProcessMemory request was completed. (0x12B)
[1001/145028.625:ERROR:process_memory_win.cc(73)] ReadMemory at 0x1ea0c286580 of 512 bytes failed: Only part of a ReadProcessMemory or WriteProcessMemory request was completed. (0x12B)
[1001/145028.626:ERROR:process_memory_win.cc(73)] ReadMemory at 0x1ea0c2ed1b8 of 512 bytes failed: Only part of a ReadProcessMemory or WriteProcessMemory request was completed. (0x12B)
[1001/145028.626:ERROR:process_memory_win.cc(73)] ReadMemory at 0x1ea0c30e784 of 512 bytes failed: Only part of a ReadProcessMemory or WriteProcessMemory request was completed. (0x12B)
[1001/145028.626:ERROR:process_memory_win.cc(73)] ReadMemory at 0x1ea0c30e992 of 530 bytes failed: Only part of a ReadProcessMemory or WriteProcessMemory request was completed. (0x12B)
[1001/145028.626:ERROR:process_memory_win.cc(73)] ReadMemory at 0x1ea0c3ffea0 of 512 bytes failed: Only part of a ReadProcessMemory or WriteProcessMemory request was completed. (0x12B)
[1001/145028.626:ERROR:process_memory_win.cc(73)] ReadMemory at 0x1ea0c4010a0 of 512 bytes failed: Only part of a ReadProcessMemory or WriteProcessMemory request was completed. (0x12B)
[1001/145028.626:ERROR:process_memory_win.cc(73)] ReadMemory at 0x7a1e00000000 of 384 bytes failed: Only part of a ReadProcessMemory or WriteProcessMemory request was completed. (0x12B)
[1001/145028.626:ERROR:process_memory_win.cc(73)] ReadMemory at 0x7a1e081b2349 of 512 bytes failed: Only part of a ReadProcessMemory or WriteProcessMemory request was completed. (0x12B)
[1001/145028.627:ERROR:process_memory_win.cc(73)] ReadMemory at 0x7ffec2a69f50 of 512 bytes failed: Only part of a ReadProcessMemory or WriteProcessMemory request was completed. (0x12B)
[1001/145028.627:ERROR:process_memory_win.cc(73)] ReadMemory at 0x7fff13423aa9 of 512 bytes failed: Only part of a ReadProcessMemory or WriteProcessMemory request was completed. (0x12B)
[1001/145028.627:ERROR:process_memory_win.cc(73)] ReadMemory at 0x7fff1364d700 of 512 bytes failed: Only part of a ReadProcessMemory or WriteProcessMemory request was completed. (0x12B)
[1001/145028.627:ERROR:process_memory_win.cc(73)] ReadMemory at 0x7fff14d41f80 of 512 bytes failed: Only part of a ReadProcessMemory or WriteProcessMemory request was completed. (0x12B)
[1001/145028.627:ERROR:process_memory_win.cc(73)] ReadMemory at 0x7fff1621c074 of 832 bytes failed: Only part of a ReadProcessMemory or WriteProcessMemory request was completed. (0x12B)
[1001/145028.627:ERROR:process_memory_win.cc(73)] ReadMemory at 0x7fff1621f924 of 608 bytes failed: Only part of a ReadProcessMemory or WriteProcessMemory request was completed. (0x12B)
[1001/145028.627:ERROR:process_memory_win.cc(73)] ReadMemory at 0x7fff162ac428 of 18 bytes failed: Only part of a ReadProcessMemory or WriteProcessMemory request was completed. (0x12B)
[1001/145028.627:ERROR:process_memory_win.cc(73)] ReadMemory at 0x7fff162df4f8 of 40 bytes failed: Only part of a ReadProcessMemory or WriteProcessMemory request was completed. (0x12B)
[1001/145028.628:ERROR:process_memory_win.cc(73)] ReadMemory at 0x7fff162df978 of 48 bytes failed: Only part of a ReadProcessMemory or WriteProcessMemory request was completed. (0x12B)
[1001/145028.628:ERROR:process_memory_win.cc(73)] ReadMemory at 0x7fff162e53c0 of 64 bytes failed: Only part of a ReadProcessMemory or WriteProcessMemory request was completed. (0x12B)
[1001/145028.631:ERROR:scoped_process_suspend.cc(40)] NtResumeProcess: An attempt was made to access an exiting process. (0xc000010a)
